       
       ~B(                 .BNz.          zNNN+                        
       ~NNNNNNNNNNNNNNNNNNNNNNN+          zNh+                         
       ~Nz  .         ~     Nz    ~NNs~   zN~                          
       ~Nz  ~N-      .NNND  Nz     NN     zN~                          
       ~Nz    Nh     zN+    Nz     NN     zN~                          
       ~Nz    (Nz   =N~     Nz     NN     zN~                          
       ~Nz.+<~~Dz~~zh~+NNB( Nz     NN     zN~                          
       ~Nz  -    ~Nz        Nz     NN     zN~                          
       ~Nz       ~Nz        Nz     NN     zN~                          
       ~Nz  +NNB-~Nz  ~NNN< Nz     NN     zN~                          
       ~Nz  +N+  ~Nz  ~Nz   Nz     NN     zN~                          
       ~Nz  +N<  ~Nz  ~Nz   Nz     NN     zN~                          
       ~Nz  +N+  ~Nz  ~Nz   Nz     NN     zN~                          
       ~Nz  <N+  ~Nz  ~Nz   Nz     NN     zN~                          
       ~Nz  +N+  ~Nz  ~Nz   Nz    ~NN     zN~                          
       ~Nz  zNNNNNNNNNNNz   Nz    .s+     zN~                          
       ~Nz             +(   Nz            zN~                          
       ~Nz                  Nz            zN~                          
       +Nz           ~+zNNNNNz     <Bzz<+zNN~                          
       +Nz                hN+           sNB<                           
       
       
       MIT NANOENGINEERING GROUP                                       
       TE-HUAN LIU and JIAWEI ZHOU                                     
       ELECTRON-PHONON BOLTZMANN TRANSPORT EQUATION SOLVER (v2.2)      
       
       Program starts on  7/13/2020 at 16:47:35
       
       =======================================================
       
       k-mesh:   60 *   60 *   60  =       216000 points
       q-mesh:   60 *   60 *   60  =       216000 points

       Dimension   =     3
       Band (e)    =     5  to  6
       Mode (ph)   =     6
       Bandgap     =     6.2682  to    7.3882 [eV]
       fsthick     =     0.2000  /     0.4035 [eV]
       epthick     =     0.2000 [eV]

       Temperature =   300.0 [K]
       Doping      =    -1.0000E+20 [cm^-3]
       Fermi level =     7.4524 [eV]
       n_hole      =     0.0000E+00 [cm^-3]
       n_elec      =     1.0000E+20 [cm^-3]
       n_intr      =     1.1490E+10 [cm^-3]

       Smearing                 =    tetra
       Mixing ratio             =   0.3300
       GW band structure        =        F
       RBM bandgap              =   1.1200 [eV]
       Polar interaction        =        F
       Spin-orbital interaction =        F
       ASR to ep-matrix (eph)   =        T
       n/p-type semiconductor   =        n    

       e-imp scattering mode    =        2
           (0: none; 1: Brooks-Herring relaxation time; 2: B-H momentum relaxation time)
       e-imp-ls mode    =        0
           (0: both long and short range; 1: only long range; 
            2: only short range;          3: none )
       -------------------------------------------------------
       ITERATION:    0                     CPU TIME:  1203.4 s
       -------------------------------------------------------
         MOB |    4.726654E+02    1.106947E-15   -4.828366E-16
             |    7.686824E-16    4.726654E+02    6.553839E-16
             |   -1.611233E-15    1.497282E-15    4.726654E+02
       -------------------------------------------------------
       MOB_e |    4.726654E+02    1.106947E-15   -4.828366E-16
             |    7.686824E-16    4.726654E+02    6.553839E-16
             |   -1.611233E-15    1.497282E-15    4.726654E+02
       -------------------------------------------------------
       MOB_h |    0.000000E+00    0.000000E+00    0.000000E+00
             |    0.000000E+00    0.000000E+00    0.000000E+00
             |    0.000000E+00    0.000000E+00    0.000000E+00
             -------------------------------------------------
         COD |    7.572969E+05    1.773533E-12   -7.735930E-13
             |    1.231570E-12    7.572969E+05    1.050045E-12
             |   -2.581491E-12    2.398921E-12    7.572969E+05
             -------------------------------------------------
       COD_e |    7.572969E+05    1.773533E-12   -7.735930E-13
             |    1.231570E-12    7.572969E+05    1.050045E-12
             |   -2.581491E-12    2.398921E-12    7.572969E+05
             -------------------------------------------------
       COD_h |    0.000000E+00    0.000000E+00    0.000000E+00
             |    0.000000E+00    0.000000E+00    0.000000E+00
             |    0.000000E+00    0.000000E+00    0.000000E+00
             -------------------------------------------------
         ETC |    3.720661E+00   -3.047950E-18   -2.399788E-17
             |   -1.330254E-17    3.720661E+00   -1.601408E-17
             |   -2.819615E-17    4.790428E-18    3.720661E+00
             -------------------------------------------------
         SEB |   -1.070356E+02   -5.192381E-17   -4.974994E-17
             |   -1.779080E-16   -1.070356E+02   -4.550247E-16
             |   -4.337726E-16    1.215095E-16   -1.070356E+02
             -------------------------------------------------
       SEB_e |   -1.070356E+02   -5.192381E-17   -4.974994E-17
             |   -1.779080E-16   -1.070356E+02   -4.550247E-16
             |   -4.337726E-16    1.215095E-16   -1.070356E+02
             -------------------------------------------------
       SEB_h |    0.000000E+00    0.000000E+00    0.000000E+00
             |    0.000000E+00    0.000000E+00    0.000000E+00
             |    0.000000E+00    0.000000E+00    0.000000E+00
             -------------------------------------------------
         PEL |   -3.211072E+04   -2.941894E-14   -6.769790E-14
             |   -1.315833E-13   -3.211072E+04   -9.927354E-14
             |   -1.904272E-14    9.493809E-14   -3.211072E+04
             -------------------------------------------------
         POF |    8.676065E+01    2.873635E-16   -7.975278E-18
             |    4.295129E-16    8.676065E+01    8.579652E-16
             |    4.074607E-16    7.784975E-17    8.676065E+01
             -------------------------------------------------
         LOZ |    1.637692E-08   -5.176942E-26   -8.890009E-26
             |   -8.518596E-26    1.637692E-08   -9.319554E-26
             |   -6.828260E-26   -3.079223E-26    1.637692E-08
             -------------------------------------------------
         LTC |    1.303477E+01    4.883799E-17    1.148271E-16
             |    4.266488E-17    1.303477E+01   -5.058606E-17
             |    1.521237E-16   -9.170086E-17    1.303477E+01
             -------------------------------------------------
        SLTC |    4.883646E+01    8.301514E-17    1.786276E-17
             |    1.688838E-16    4.883646E+01   -2.720310E-17
             |    4.852440E-18   -6.016295E-17    4.883646E+01
             -------------------------------------------------
         BTC |    0.000000E+00    0.000000E+00    0.000000E+00
             |    0.000000E+00    0.000000E+00    0.000000E+00
             |    0.000000E+00    0.000000E+00    0.000000E+00
             -------------------------------------------------
         SPD |    0.000000E+00    0.000000E+00    0.000000E+00
             |    0.000000E+00    0.000000E+00    0.000000E+00
             |    0.000000E+00    0.000000E+00    0.000000E+00
             -------------------------------------------------

         SPK |    0.000000E+00    0.000000E+00    0.000000E+00
             |    0.000000E+00    0.000000E+00    0.000000E+00
             |    0.000000E+00    0.000000E+00    0.000000E+00
             -------------------------------------------------

         SPX |    0.000000E+00    0.000000E+00    0.000000E+00
             |    0.000000E+00    0.000000E+00    0.000000E+00
             |    0.000000E+00    0.000000E+00    0.000000E+00
             -------------------------------------------------

         SPL |    0.000000E+00    0.000000E+00    0.000000E+00
             |    0.000000E+00    0.000000E+00    0.000000E+00
             |    0.000000E+00    0.000000E+00    0.000000E+00
         SPG |    0.000000E+00    0.000000E+00    0.000000E+00
             |    0.000000E+00    0.000000E+00    0.000000E+00
             |    0.000000E+00    0.000000E+00    0.000000E+00
       -------------------------------------------------------
       ITERATION:    1                     CPU TIME:  1214.4 s
       -------------------------------------------------------
         MOB |    5.478217E+02   -1.106728E-14    7.774280E-15
             |   -1.144237E-14    5.478217E+02   -1.791830E-14
             |   -5.698944E-15   -1.745668E-15    5.478217E+02
       -------------------------------------------------------
       MOB_e |    5.478217E+02   -1.106728E-14    7.774280E-15
             |   -1.144237E-14    5.478217E+02   -1.791830E-14
             |   -5.698944E-15   -1.745668E-15    5.478217E+02
       -------------------------------------------------------
       MOB_h |    0.000000E+00    0.000000E+00    0.000000E+00
             |    0.000000E+00    0.000000E+00    0.000000E+00
             |    0.000000E+00    0.000000E+00    0.000000E+00
             -------------------------------------------------
         COD |    8.777111E+05   -1.773181E-11    1.245583E-11
             |   -1.833278E-11    8.777111E+05   -2.870841E-11
             |   -9.130756E-12   -2.796881E-12    8.777111E+05
             -------------------------------------------------
       COD_e |    8.777111E+05   -1.773181E-11    1.245583E-11
             |   -1.833278E-11    8.777111E+05   -2.870841E-11
             |   -9.130756E-12   -2.796881E-12    8.777111E+05
             -------------------------------------------------
       COD_h |    0.000000E+00    0.000000E+00    0.000000E+00
             |    0.000000E+00    0.000000E+00    0.000000E+00
             |    0.000000E+00    0.000000E+00    0.000000E+00
             -------------------------------------------------
         ETC |    4.075366E+00   -4.920588E-17    5.660603E-17
             |   -6.439139E-17    4.075366E+00   -9.042737E-17
             |   -2.963456E-17   -2.846301E-18    4.075366E+00
             -------------------------------------------------
         SEB |   -9.271146E+01   -1.916793E-15    1.577976E-15
             |   -2.090504E-15   -9.271146E+01   -3.347351E-15
             |   -1.478588E-15   -1.701599E-16   -9.271146E+01
             -------------------------------------------------
       SEB_e |   -9.271146E+01   -1.916793E-15    1.577976E-15
             |   -2.090504E-15   -9.271146E+01   -3.347351E-15
             |   -1.478588E-15   -1.701599E-16   -9.271146E+01
             -------------------------------------------------
       SEB_h |    0.000000E+00    0.000000E+00    0.000000E+00
             |    0.000000E+00    0.000000E+00    0.000000E+00
             |    0.000000E+00    0.000000E+00    0.000000E+00
             -------------------------------------------------
         PEL |   -2.781347E+04   -5.778071E-13    5.581846E-13
             |   -6.616104E-13   -2.781347E+04   -9.969661E-13
             |   -1.877124E-13   -1.411349E-13   -2.781347E+04
             -------------------------------------------------
         POF |    7.544291E+01    1.595415E-15   -1.497491E-15
             |    1.826470E-15    7.544291E+01    2.980131E-15
             |    1.621543E-15    3.652795E-17    7.544291E+01
             -------------------------------------------------
         LOZ |    1.547723E-08    1.258044E-25   -4.665718E-27
             |    7.873089E-26    1.547723E-08    1.628128E-25
             |    4.846365E-26    3.850961E-26    1.547723E-08
             -------------------------------------------------
         LTC |    1.303477E+01    4.883799E-17    1.148271E-16
             |    4.266488E-17    1.303477E+01   -5.058606E-17
             |    1.521237E-16   -9.170086E-17    1.303477E+01
             -------------------------------------------------
        SLTC |    4.883646E+01    8.301514E-17    1.786276E-17
             |    1.688838E-16    4.883646E+01   -2.720310E-17
             |    4.852440E-18   -6.016295E-17    4.883646E+01
             -------------------------------------------------
         BTC |    0.000000E+00    0.000000E+00    0.000000E+00
             |    0.000000E+00    0.000000E+00    0.000000E+00
             |    0.000000E+00    0.000000E+00    0.000000E+00
             -------------------------------------------------
         SPD |   -5.764732E+01   -2.555013E-15   -1.562626E-15
             |   -4.288962E-16   -5.764732E+01   -3.988052E-15
             |    1.132061E-15    1.179619E-15   -5.764732E+01
             -------------------------------------------------

         SPK |   -5.752121E+01   -4.592884E-03   -1.161558E-02
             |   -7.975362E-04   -5.741762E+01    8.358848E-05
             |   -6.101035E-03    9.363300E-03   -5.790482E+01
             -------------------------------------------------

         SPX |   -4.213453E+01    1.246345E-01   -8.072200E-03
             |    1.273264E-01   -4.203671E+01    1.095110E-03
             |   -3.889669E-03   -1.197826E-01   -4.229902E+01
             -------------------------------------------------

         SPL |    0.000000E+00    0.000000E+00    0.000000E+00
             |    0.000000E+00    0.000000E+00    0.000000E+00
             |    0.000000E+00    0.000000E+00    0.000000E+00
       -------------------------------------------------------

         SPG |    0.000000E+00    0.000000E+00    0.000000E+00
             |    0.000000E+00    0.000000E+00    0.000000E+00
             |    0.000000E+00    0.000000E+00    0.000000E+00
       -------------------------------------------------------

       MOB = Electron mobility [cm^2/V/s]
       COD = Electron conductivity [1/Ohm/m]
       ETC = Electron thermal conductivity [W/m/K]
       SEB = Seebeck coefficient [uV/K]
       PEL = Peltier coefficient [uV]
       POF = Power factor [uW/cm/K^2]
       LOZ = Lorentz number [W*Ohm/K^2]
       LTC = Lattice thermal conductivity [W/m/K]
       SLTC = Lattice thermal conductivity using ph lifetime from ShengBTE [W/m/K]
       BTC = Bipolar thermal conductivity [W/m/K]
       SPD = Phonon-drag Seebeck coefficient [uV/K]

       SPK ~ SPD but sum_k(sum_q) [uV/K]

       SPX ~ SPD but sum_k(sum_q) from near X valley [uV/K]

       SPL ~ SPD but sum_k(sum_q) from L valley [uV/K]

       SPG ~ SPD but sum_k(sum_q) from Gamma walley [uV/K]

