       
       ~B(                 .BNz.          zNNN+                        
       ~NNNNNNNNNNNNNNNNNNNNNNN+          zNh+                         
       ~Nz  .         ~     Nz    ~NNs~   zN~                          
       ~Nz  ~N-      .NNND  Nz     NN     zN~                          
       ~Nz    Nh     zN+    Nz     NN     zN~                          
       ~Nz    (Nz   =N~     Nz     NN     zN~                          
       ~Nz.+<~~Dz~~zh~+NNB( Nz     NN     zN~                          
       ~Nz  -    ~Nz        Nz     NN     zN~                          
       ~Nz       ~Nz        Nz     NN     zN~                          
       ~Nz  +NNB-~Nz  ~NNN< Nz     NN     zN~                          
       ~Nz  +N+  ~Nz  ~Nz   Nz     NN     zN~                          
       ~Nz  +N<  ~Nz  ~Nz   Nz     NN     zN~                          
       ~Nz  +N+  ~Nz  ~Nz   Nz     NN     zN~                          
       ~Nz  <N+  ~Nz  ~Nz   Nz     NN     zN~                          
       ~Nz  +N+  ~Nz  ~Nz   Nz    ~NN     zN~                          
       ~Nz  zNNNNNNNNNNNz   Nz    .s+     zN~                          
       ~Nz             +(   Nz            zN~                          
       ~Nz                  Nz            zN~                          
       +Nz           ~+zNNNNNz     <Bzz<+zNN~                          
       +Nz                hN+           sNB<                           
       
       
       MIT NANOENGINEERING GROUP                                       
       TE-HUAN LIU and JIAWEI ZHOU                                     
       ELECTRON-PHONON BOLTZMANN TRANSPORT EQUATION SOLVER (v2.2)      
       
       Program starts on  9/ 2/2020 at  4:54:23
       
       =======================================================
       
       k-mesh:  100 *  100 *  100  =      1000000 points
       q-mesh:  100 *  100 *  100  =      1000000 points

       Dimension   =     3
       Band (e)    =     5  to  6
       Mode (ph)   =     6
       Bandgap     =     6.2682  to    7.3882 [eV]
       fsthick     =     0.2000  /     0.2642 [eV]
       epthick     =     0.0000 [eV]

       Temperature =   300.0 [K]
       Doping      =    -1.0000E+18 [cm^-3]
       Fermi level =     7.3040 [eV]
       n_hole      =     1.2800E+02 [cm^-3]
       n_elec      =     9.9999E+17 [cm^-3]
       n_intr      =     1.1490E+10 [cm^-3]

       Smearing                 =    tetra
       Mixing ratio             =   0.3300
       GW band structure        =        F
       RBM bandgap              =   1.1200 [eV]
       Polar interaction        =        F
       Spin-orbital interaction =        F
       ASR to ep-matrix (eph)   =        T
       n/p-type semiconductor   =        n    

       e-imp scattering mode    =        0
           (0: none; 1: Brooks-Herring relaxation time; 2: B-H momentum relaxation time)
       e-imp-ls mode    =        0
           (0: both long and short range; 1: only long range; 
            2: only short range;          3: none )
       -------------------------------------------------------
       ITERATION:    0                     CPU TIME:     0.1 s
       -------------------------------------------------------
         MOB |    1.503956E+03   -9.239247E-15    2.008479E-15
             |   -9.414759E-15    1.503956E+03   -6.576821E-16
             |    4.495528E-16   -1.894115E-15    1.503956E+03
       -------------------------------------------------------
       MOB_e |    1.503956E+03   -9.239247E-15    2.008479E-15
             |   -9.414759E-15    1.503956E+03   -6.576821E-16
             |    4.495528E-16   -1.894115E-15    1.503956E+03
       -------------------------------------------------------
       MOB_h |    0.000000E+00    0.000000E+00    0.000000E+00
             |    0.000000E+00    0.000000E+00    0.000000E+00
             |    0.000000E+00    0.000000E+00    0.000000E+00
             -------------------------------------------------
         COD |    2.409584E+04   -1.480279E-13    3.217912E-14
             |   -1.508398E-13    2.409584E+04   -1.053714E-14
             |    7.202572E-15   -3.034682E-14    2.409584E+04
             -------------------------------------------------
       COD_e |    2.409584E+04   -1.480279E-13    3.217912E-14
             |   -1.508398E-13    2.409584E+04   -1.053714E-14
             |    7.202572E-15   -3.034682E-14    2.409584E+04
             -------------------------------------------------
       COD_h |    0.000000E+00    0.000000E+00    0.000000E+00
             |    0.000000E+00    0.000000E+00    0.000000E+00
             |    0.000000E+00    0.000000E+00    0.000000E+00
             -------------------------------------------------
         ETC |    7.408243E-02    1.912897E-18    5.477943E-18
             |    5.575503E-19    7.408243E-02    1.338756E-18
             |    4.705230E-18    1.342234E-18    7.408243E-02
             -------------------------------------------------
         SEB |   -4.273961E+02    7.446237E-16    5.818802E-16
             |    5.316030E-16   -4.273961E+02    9.672836E-17
             |    2.832698E-16   -3.377838E-17   -4.273961E+02
             -------------------------------------------------
       SEB_e |   -4.273961E+02    7.446237E-16    5.818802E-16
             |    5.316030E-16   -4.273961E+02    9.672836E-17
             |    2.832698E-16   -3.377838E-17   -4.273961E+02
             -------------------------------------------------
       SEB_h |    0.000000E+00    0.000000E+00    0.000000E+00
             |    0.000000E+00    0.000000E+00    0.000000E+00
             |    0.000000E+00    0.000000E+00    0.000000E+00
             -------------------------------------------------
         PEL |   -1.282190E+05    8.349604E-14    2.917925E-13
             |    1.027384E-13   -1.282190E+05    1.117130E-13
             |    2.500118E-13    1.499180E-13   -1.282190E+05
             -------------------------------------------------
         POF |    4.401525E+01   -4.237683E-16   -6.106873E-17
             |   -3.850292E-16    4.401525E+01   -3.917101E-17
             |   -4.518816E-17   -4.847644E-17    4.401525E+01
             -------------------------------------------------
         LOZ |    1.024829E-08    3.275813E-25    7.441121E-25
             |    1.412837E-25    1.024829E-08    1.896801E-25
             |    6.478407E-25    1.985866E-25    1.024829E-08
             -------------------------------------------------
             -------------------------------------------------
         BTC |    0.000000E+00    0.000000E+00    0.000000E+00
             |    0.000000E+00    0.000000E+00    0.000000E+00
             |    0.000000E+00    0.000000E+00    0.000000E+00
       -------------------------------------------------------

       -------------------------------------------------------

       MOB = Electron mobility [cm^2/V/s]
       COD = Electron conductivity [1/Ohm/m]
       ETC = Electron thermal conductivity [W/m/K]
       SEB = Seebeck coefficient [uV/K]
       PEL = Peltier coefficient [uV]
       POF = Power factor [uW/cm/K^2]
       LOZ = Lorentz number [W*Ohm/K^2]
       BTC = Bipolar thermal conductivity [W/m/K]
