       
       ~B(                 .BNz.          zNNN+                        
       ~NNNNNNNNNNNNNNNNNNNNNNN+          zNh+                         
       ~Nz  .         ~     Nz    ~NNs~   zN~                          
       ~Nz  ~N-      .NNND  Nz     NN     zN~                          
       ~Nz    Nh     zN+    Nz     NN     zN~                          
       ~Nz    (Nz   =N~     Nz     NN     zN~                          
       ~Nz.+<~~Dz~~zh~+NNB( Nz     NN     zN~                          
       ~Nz  -    ~Nz        Nz     NN     zN~                          
       ~Nz       ~Nz        Nz     NN     zN~                          
       ~Nz  +NNB-~Nz  ~NNN< Nz     NN     zN~                          
       ~Nz  +N+  ~Nz  ~Nz   Nz     NN     zN~                          
       ~Nz  +N<  ~Nz  ~Nz   Nz     NN     zN~                          
       ~Nz  +N+  ~Nz  ~Nz   Nz     NN     zN~                          
       ~Nz  <N+  ~Nz  ~Nz   Nz     NN     zN~                          
       ~Nz  +N+  ~Nz  ~Nz   Nz    ~NN     zN~                          
       ~Nz  zNNNNNNNNNNNz   Nz    .s+     zN~                          
       ~Nz             +(   Nz            zN~                          
       ~Nz                  Nz            zN~                          
       +Nz           ~+zNNNNNz     <Bzz<+zNN~                          
       +Nz                hN+           sNB<                           
       
       
       MIT NANOENGINEERING GROUP                                       
       TE-HUAN LIU and JIAWEI ZHOU                                     
       ELECTRON-PHONON BOLTZMANN TRANSPORT EQUATION SOLVER (v2.2)      
       
       Program starts on  7/14/2020 at  1:40:41
       
       =======================================================
       
       k-mesh:   60 *   60 *   60  =       216000 points
       q-mesh:   60 *   60 *   60  =       216000 points

       Dimension   =     3
       Band (e)    =     5  to  6
       Mode (ph)   =     6
       Bandgap     =     6.2682  to    7.3882 [eV]
       fsthick     =     0.2000  /     0.4035 [eV]
       epthick     =     0.2000 [eV]

       Temperature =   300.0 [K]
       Doping      =    -4.0000E+20 [cm^-3]
       Fermi level =     7.5501 [eV]
       n_hole      =     0.0000E+00 [cm^-3]
       n_elec      =     4.0000E+20 [cm^-3]
       n_intr      =     1.1490E+10 [cm^-3]

       Smearing                 =    tetra
       Mixing ratio             =   0.3300
       GW band structure        =        F
       RBM bandgap              =   1.1200 [eV]
       Polar interaction        =        F
       Spin-orbital interaction =        F
       ASR to ep-matrix (eph)   =        T
       n/p-type semiconductor   =        n    

       e-imp scattering mode    =        2
           (0: none; 1: Brooks-Herring relaxation time; 2: B-H momentum relaxation time)
       e-imp-ls mode    =        0
           (0: both long and short range; 1: only long range; 
            2: only short range;          3: none )
       -------------------------------------------------------
       ITERATION:    0                     CPU TIME:  1203.7 s
       -------------------------------------------------------
         MOB |    2.785591E+02   -4.246383E-16   -3.971411E-16
             |   -3.070451E-16    2.785591E+02    1.230495E-19
             |   -5.340958E-16    2.930475E-16    2.785591E+02
       -------------------------------------------------------
       MOB_e |    2.785591E+02   -4.246383E-16   -3.971411E-16
             |   -3.070451E-16    2.785591E+02    1.230495E-19
             |   -5.340958E-16    2.930475E-16    2.785591E+02
       -------------------------------------------------------
       MOB_h |    0.000000E+00    0.000000E+00    0.000000E+00
             |    0.000000E+00    0.000000E+00    0.000000E+00
             |    0.000000E+00    0.000000E+00    0.000000E+00
             -------------------------------------------------
         COD |    1.785201E+06   -2.721379E-12   -2.545157E-12
             |   -1.967759E-12    1.785201E+06    7.885874E-16
             |   -3.422859E-12    1.878053E-12    1.785201E+06
             -------------------------------------------------
       COD_e |    1.785201E+06   -2.721379E-12   -2.545157E-12
             |   -1.967759E-12    1.785201E+06    7.885874E-16
             |   -3.422859E-12    1.878053E-12    1.785201E+06
             -------------------------------------------------
       COD_h |    0.000000E+00    0.000000E+00    0.000000E+00
             |    0.000000E+00    0.000000E+00    0.000000E+00
             |    0.000000E+00    0.000000E+00    0.000000E+00
             -------------------------------------------------
         ETC |    1.107784E+01   -1.423774E-17    1.007391E-17
             |   -1.281994E-17    1.107784E+01   -8.784114E-18
             |   -7.106406E-18    7.096346E-18    1.107784E+01
             -------------------------------------------------
         SEB |   -4.978187E+01    6.221834E-17    1.174564E-16
             |    6.440651E-17   -4.978187E+01   -8.636086E-17
             |   -4.264547E-16    1.568315E-16   -4.978187E+01
             -------------------------------------------------
       SEB_e |   -4.978187E+01    6.221834E-17    1.174564E-16
             |    6.440651E-17   -4.978187E+01   -8.636086E-17
             |   -4.264547E-16    1.568315E-16   -4.978187E+01
             -------------------------------------------------
       SEB_h |    0.000000E+00    0.000000E+00    0.000000E+00
             |    0.000000E+00    0.000000E+00    0.000000E+00
             |    0.000000E+00    0.000000E+00    0.000000E+00
             -------------------------------------------------
         PEL |   -1.493458E+04    4.601611E-14   -4.963231E-14
             |    2.613858E-14   -1.493458E+04   -9.620942E-15
             |   -8.375725E-14    4.668216E-14   -1.493458E+04
             -------------------------------------------------
         POF |    4.424147E+01   -1.780298E-16   -2.718434E-16
             |   -1.632427E-16    4.424147E+01    1.535185E-16
             |    6.731598E-16   -2.322118E-16    4.424147E+01
             -------------------------------------------------
         LOZ |    2.068454E-08    4.947012E-27    4.829992E-26
             |   -1.137608E-27    2.068454E-08   -1.641084E-26
             |    2.639046E-26   -8.510088E-27    2.068454E-08
             -------------------------------------------------
         LTC |    5.183424E+00    7.545230E-18    3.905849E-17
             |    1.154956E-17    5.183424E+00   -1.983094E-18
             |    2.940925E-17   -3.390914E-18    5.183424E+00
             -------------------------------------------------
        SLTC |    4.883646E+01    8.301514E-17    1.786276E-17
             |    1.688838E-16    4.883646E+01   -2.720310E-17
             |    4.852440E-18   -6.016295E-17    4.883646E+01
             -------------------------------------------------
         BTC |    0.000000E+00    0.000000E+00    0.000000E+00
             |    0.000000E+00    0.000000E+00    0.000000E+00
             |    0.000000E+00    0.000000E+00    0.000000E+00
             -------------------------------------------------
         SPD |    0.000000E+00    0.000000E+00    0.000000E+00
             |    0.000000E+00    0.000000E+00    0.000000E+00
             |    0.000000E+00    0.000000E+00    0.000000E+00
             -------------------------------------------------

         SPK |    0.000000E+00    0.000000E+00    0.000000E+00
             |    0.000000E+00    0.000000E+00    0.000000E+00
             |    0.000000E+00    0.000000E+00    0.000000E+00
             -------------------------------------------------

         SPX |    0.000000E+00    0.000000E+00    0.000000E+00
             |    0.000000E+00    0.000000E+00    0.000000E+00
             |    0.000000E+00    0.000000E+00    0.000000E+00
             -------------------------------------------------

         SPL |    0.000000E+00    0.000000E+00    0.000000E+00
             |    0.000000E+00    0.000000E+00    0.000000E+00
             |    0.000000E+00    0.000000E+00    0.000000E+00
         SPG |    0.000000E+00    0.000000E+00    0.000000E+00
             |    0.000000E+00    0.000000E+00    0.000000E+00
             |    0.000000E+00    0.000000E+00    0.000000E+00
       -------------------------------------------------------
       ITERATION:    1                     CPU TIME:  1213.5 s
       -------------------------------------------------------
         MOB |    2.569770E+02   -2.876426E-15    9.677738E-16
             |   -2.125617E-15    2.569770E+02    2.280376E-15
             |   -8.101315E-16   -5.539423E-16    2.569770E+02
       -------------------------------------------------------
       MOB_e |    2.569770E+02   -2.876426E-15    9.677738E-16
             |   -2.125617E-15    2.569770E+02    2.280376E-15
             |   -8.101315E-16   -5.539423E-16    2.569770E+02
       -------------------------------------------------------
       MOB_h |    0.000000E+00    0.000000E+00    0.000000E+00
             |    0.000000E+00    0.000000E+00    0.000000E+00
             |    0.000000E+00    0.000000E+00    0.000000E+00
             -------------------------------------------------
         COD |    1.646888E+06   -1.843414E-11    6.202170E-12
             |   -1.362244E-11    1.646888E+06    1.461424E-11
             |   -5.191888E-12   -3.550049E-12    1.646888E+06
             -------------------------------------------------
       COD_e |    1.646888E+06   -1.843414E-11    6.202170E-12
             |   -1.362244E-11    1.646888E+06    1.461424E-11
             |   -5.191888E-12   -3.550049E-12    1.646888E+06
             -------------------------------------------------
       COD_h |    0.000000E+00    0.000000E+00    0.000000E+00
             |    0.000000E+00    0.000000E+00    0.000000E+00
             |    0.000000E+00    0.000000E+00    0.000000E+00
             -------------------------------------------------
         ETC |    1.095550E+01   -8.554497E-18    8.044193E-18
             |   -4.313432E-18    1.095550E+01    8.207268E-18
             |   -1.660693E-17   -1.064372E-17    1.095550E+01
             -------------------------------------------------
         SEB |   -5.403366E+01   -2.976374E-16    1.134567E-16
             |   -2.210717E-16   -5.403366E+01    5.902475E-16
             |   -1.309221E-16   -1.193722E-16   -5.403366E+01
             -------------------------------------------------
       SEB_e |   -5.403366E+01   -2.976374E-16    1.134567E-16
             |   -2.210717E-16   -5.403366E+01    5.902475E-16
             |   -1.309221E-16   -1.193722E-16   -5.403366E+01
             -------------------------------------------------
       SEB_h |    0.000000E+00    0.000000E+00    0.000000E+00
             |    0.000000E+00    0.000000E+00    0.000000E+00
             |    0.000000E+00    0.000000E+00    0.000000E+00
             -------------------------------------------------
         PEL |   -1.621012E+04   -1.139642E-13    4.540942E-14
             |   -7.085023E-14   -1.621012E+04    1.922240E-13
             |   -6.626100E-14   -1.822418E-14   -1.621012E+04
             -------------------------------------------------
         POF |    4.808316E+01   -8.490395E-18   -2.084354E-17
             |   -4.273718E-18    4.808316E+01   -6.238090E-16
             |    8.142405E-17    1.088039E-16    4.808316E+01
             -------------------------------------------------
         LOZ |    2.217411E-08    2.308874E-25   -6.722598E-26
             |    1.746854E-25    2.217411E-08   -1.801581E-25
             |    3.629217E-26    2.625567E-26    2.217411E-08
             -------------------------------------------------
         LTC |    5.183424E+00    7.545230E-18    3.905849E-17
             |    1.154956E-17    5.183424E+00   -1.983094E-18
             |    2.940925E-17   -3.390914E-18    5.183424E+00
             -------------------------------------------------
        SLTC |    4.883646E+01    8.301514E-17    1.786276E-17
             |    1.688838E-16    4.883646E+01   -2.720310E-17
             |    4.852440E-18   -6.016295E-17    4.883646E+01
             -------------------------------------------------
         BTC |    0.000000E+00    0.000000E+00    0.000000E+00
             |    0.000000E+00    0.000000E+00    0.000000E+00
             |    0.000000E+00    0.000000E+00    0.000000E+00
             -------------------------------------------------
         SPD |   -3.163760E+01   -4.775016E-17   -2.814901E-17
             |   -8.007213E-16   -3.163760E+01    5.589515E-16
             |    8.245926E-16    2.349534E-16   -3.163760E+01
             -------------------------------------------------

         SPK |   -3.156200E+01   -5.858109E-02    1.307875E-03
             |   -5.286007E-02   -3.151974E+01    3.981739E-04
             |   -2.230309E-03    4.319750E-02   -3.177067E+01
             -------------------------------------------------

         SPX |   -1.298030E+01    4.778506E-02    2.749691E-03
             |    5.091031E-02   -1.295884E+01   -4.267479E-04
             |   -2.758917E-03   -5.136249E-02   -1.304134E+01
             -------------------------------------------------

         SPL |    0.000000E+00    0.000000E+00    0.000000E+00
             |    0.000000E+00    0.000000E+00    0.000000E+00
             |    0.000000E+00    0.000000E+00    0.000000E+00
       -------------------------------------------------------

         SPG |    0.000000E+00    0.000000E+00    0.000000E+00
             |    0.000000E+00    0.000000E+00    0.000000E+00
             |    0.000000E+00    0.000000E+00    0.000000E+00
       -------------------------------------------------------

       MOB = Electron mobility [cm^2/V/s]
       COD = Electron conductivity [1/Ohm/m]
       ETC = Electron thermal conductivity [W/m/K]
       SEB = Seebeck coefficient [uV/K]
       PEL = Peltier coefficient [uV]
       POF = Power factor [uW/cm/K^2]
       LOZ = Lorentz number [W*Ohm/K^2]
       LTC = Lattice thermal conductivity [W/m/K]
       SLTC = Lattice thermal conductivity using ph lifetime from ShengBTE [W/m/K]
       BTC = Bipolar thermal conductivity [W/m/K]
       SPD = Phonon-drag Seebeck coefficient [uV/K]

       SPK ~ SPD but sum_k(sum_q) [uV/K]

       SPX ~ SPD but sum_k(sum_q) from near X valley [uV/K]

       SPL ~ SPD but sum_k(sum_q) from L valley [uV/K]

       SPG ~ SPD but sum_k(sum_q) from Gamma walley [uV/K]

