       
       ~B(                 .BNz.          zNNN+                        
       ~NNNNNNNNNNNNNNNNNNNNNNN+          zNh+                         
       ~Nz  .         ~     Nz    ~NNs~   zN~                          
       ~Nz  ~N-      .NNND  Nz     NN     zN~                          
       ~Nz    Nh     zN+    Nz     NN     zN~                          
       ~Nz    (Nz   =N~     Nz     NN     zN~                          
       ~Nz.+<~~Dz~~zh~+NNB( Nz     NN     zN~                          
       ~Nz  -    ~Nz        Nz     NN     zN~                          
       ~Nz       ~Nz        Nz     NN     zN~                          
       ~Nz  +NNB-~Nz  ~NNN< Nz     NN     zN~                          
       ~Nz  +N+  ~Nz  ~Nz   Nz     NN     zN~                          
       ~Nz  +N<  ~Nz  ~Nz   Nz     NN     zN~                          
       ~Nz  +N+  ~Nz  ~Nz   Nz     NN     zN~                          
       ~Nz  <N+  ~Nz  ~Nz   Nz     NN     zN~                          
       ~Nz  +N+  ~Nz  ~Nz   Nz    ~NN     zN~                          
       ~Nz  zNNNNNNNNNNNz   Nz    .s+     zN~                          
       ~Nz             +(   Nz            zN~                          
       ~Nz                  Nz            zN~                          
       +Nz           ~+zNNNNNz     <Bzz<+zNN~                          
       +Nz                hN+           sNB<                           
       
       
       MIT NANOENGINEERING GROUP                                       
       TE-HUAN LIU and JIAWEI ZHOU                                     
       ELECTRON-PHONON BOLTZMANN TRANSPORT EQUATION SOLVER (v2.2)      
       
       Program starts on  9/ 2/2020 at  4:54:19
       
       =======================================================
       
       k-mesh:  100 *  100 *  100  =      1000000 points
       q-mesh:  100 *  100 *  100  =      1000000 points

       Dimension   =     3
       Band (e)    =     5  to  6
       Mode (ph)   =     6
       Bandgap     =     6.2682  to    7.3882 [eV]
       fsthick     =     0.2000  /     0.2642 [eV]
       epthick     =     0.0000 [eV]

       Temperature =   300.0 [K]
       Doping      =    -1.0000E+17 [cm^-3]
       Fermi level =     7.2441 [eV]
       n_hole      =     1.3120E+03 [cm^-3]
       n_elec      =     1.0000E+17 [cm^-3]
       n_intr      =     1.1490E+10 [cm^-3]

       Smearing                 =    tetra
       Mixing ratio             =   0.3300
       GW band structure        =        F
       RBM bandgap              =   1.1200 [eV]
       Polar interaction        =        F
       Spin-orbital interaction =        F
       ASR to ep-matrix (eph)   =        T
       n/p-type semiconductor   =        n    

       e-imp scattering mode    =        0
           (0: none; 1: Brooks-Herring relaxation time; 2: B-H momentum relaxation time)
       e-imp-ls mode    =        0
           (0: both long and short range; 1: only long range; 
            2: only short range;          3: none )
       -------------------------------------------------------
       ITERATION:    0                     CPU TIME:     0.1 s
       -------------------------------------------------------
         MOB |    1.520448E+03   -1.243627E-14    2.990898E-15
             |   -1.247075E-14    1.520448E+03   -6.749788E-16
             |    1.290611E-15    5.169683E-16    1.520448E+03
       -------------------------------------------------------
       MOB_e |    1.520448E+03   -1.243627E-14    2.990898E-15
             |   -1.247075E-14    1.520448E+03   -6.749788E-16
             |    1.290611E-15    5.169683E-16    1.520448E+03
       -------------------------------------------------------
       MOB_h |    0.000000E+00    0.000000E+00    0.000000E+00
             |    0.000000E+00    0.000000E+00    0.000000E+00
             |    0.000000E+00    0.000000E+00    0.000000E+00
             -------------------------------------------------
         COD |    2.436031E+03   -1.992514E-14    4.791957E-15
             |   -1.998038E-14    2.436031E+03   -1.081437E-15
             |    2.067790E-15    8.282762E-16    2.436031E+03
             -------------------------------------------------
       COD_e |    2.436031E+03   -1.992514E-14    4.791957E-15
             |   -1.998038E-14    2.436031E+03   -1.081437E-15
             |    2.067790E-15    8.282762E-16    2.436031E+03
             -------------------------------------------------
       COD_h |    0.000000E+00    0.000000E+00    0.000000E+00
             |    0.000000E+00    0.000000E+00    0.000000E+00
             |    0.000000E+00    0.000000E+00    0.000000E+00
             -------------------------------------------------
         ETC |    7.440261E-03    4.114768E-20   -8.920476E-19
             |    1.696464E-19    7.440261E-03    5.537316E-19
             |   -5.344087E-19    6.806906E-19    7.440261E-03
             -------------------------------------------------
         SEB |   -6.251720E+02   -5.597981E-16   -1.310715E-15
             |   -3.555474E-16   -6.251720E+02    1.070038E-15
             |   -1.987406E-15    7.498861E-16   -6.251720E+02
             -------------------------------------------------
       SEB_e |   -6.251720E+02   -5.597981E-16   -1.310715E-15
             |   -3.555474E-16   -6.251720E+02    1.070038E-15
             |   -1.987406E-15    7.498861E-16   -6.251720E+02
             -------------------------------------------------
       SEB_h |    0.000000E+00    0.000000E+00    0.000000E+00
             |    0.000000E+00    0.000000E+00    0.000000E+00
             |    0.000000E+00    0.000000E+00    0.000000E+00
             -------------------------------------------------
         PEL |   -1.875518E+05   -1.036883E-13    3.069048E-13
             |   -8.557098E-14   -1.875518E+05   -5.690685E-15
             |    2.615777E-13    2.218346E-14   -1.875518E+05
             -------------------------------------------------
         POF |    9.520984E+00   -6.082467E-17    5.865166E-17
             |   -6.726179E-17    9.520984E+00   -3.681872E-17
             |    6.861568E-17   -1.960337E-17    9.520984E+00
             -------------------------------------------------
         LOZ |    1.018084E-08    1.395768E-25   -1.240655E-24
             |    3.156382E-25    1.018084E-08    7.622152E-25
             |   -7.398970E-25    9.279575E-25    1.018084E-08
             -------------------------------------------------
             -------------------------------------------------
         BTC |    0.000000E+00    0.000000E+00    0.000000E+00
             |    0.000000E+00    0.000000E+00    0.000000E+00
             |    0.000000E+00    0.000000E+00    0.000000E+00
       -------------------------------------------------------

       -------------------------------------------------------

       MOB = Electron mobility [cm^2/V/s]
       COD = Electron conductivity [1/Ohm/m]
       ETC = Electron thermal conductivity [W/m/K]
       SEB = Seebeck coefficient [uV/K]
       PEL = Peltier coefficient [uV]
       POF = Power factor [uW/cm/K^2]
       LOZ = Lorentz number [W*Ohm/K^2]
       BTC = Bipolar thermal conductivity [W/m/K]
