       
       ~B(                 .BNz.          zNNN+                        
       ~NNNNNNNNNNNNNNNNNNNNNNN+          zNh+                         
       ~Nz  .         ~     Nz    ~NNs~   zN~                          
       ~Nz  ~N-      .NNND  Nz     NN     zN~                          
       ~Nz    Nh     zN+    Nz     NN     zN~                          
       ~Nz    (Nz   =N~     Nz     NN     zN~                          
       ~Nz.+<~~Dz~~zh~+NNB( Nz     NN     zN~                          
       ~Nz  -    ~Nz        Nz     NN     zN~                          
       ~Nz       ~Nz        Nz     NN     zN~                          
       ~Nz  +NNB-~Nz  ~NNN< Nz     NN     zN~                          
       ~Nz  +N+  ~Nz  ~Nz   Nz     NN     zN~                          
       ~Nz  +N<  ~Nz  ~Nz   Nz     NN     zN~                          
       ~Nz  +N+  ~Nz  ~Nz   Nz     NN     zN~                          
       ~Nz  <N+  ~Nz  ~Nz   Nz     NN     zN~                          
       ~Nz  +N+  ~Nz  ~Nz   Nz    ~NN     zN~                          
       ~Nz  zNNNNNNNNNNNz   Nz    .s+     zN~                          
       ~Nz             +(   Nz            zN~                          
       ~Nz                  Nz            zN~                          
       +Nz           ~+zNNNNNz     <Bzz<+zNN~                          
       +Nz                hN+           sNB<                           
       
       
       MIT NANOENGINEERING GROUP                                       
       TE-HUAN LIU and JIAWEI ZHOU                                     
       ELECTRON-PHONON BOLTZMANN TRANSPORT EQUATION SOLVER (v2.2)      
       
       Program starts on  7/13/2020 at 12:20:20
       
       =======================================================
       
       k-mesh:   60 *   60 *   60  =       216000 points
       q-mesh:   60 *   60 *   60  =       216000 points

       Dimension   =     3
       Band (e)    =     5  to  6
       Mode (ph)   =     6
       Bandgap     =     6.2682  to    7.3882 [eV]
       fsthick     =     0.2000  /     0.4035 [eV]
       epthick     =     0.2000 [eV]

       Temperature =   300.0 [K]
       Doping      =    -6.0000E+19 [cm^-3]
       Fermi level =     7.4281 [eV]
       n_hole      =     0.0000E+00 [cm^-3]
       n_elec      =     6.0000E+19 [cm^-3]
       n_intr      =     1.1490E+10 [cm^-3]

       Smearing                 =    tetra
       Mixing ratio             =   0.3300
       GW band structure        =        F
       RBM bandgap              =   1.1200 [eV]
       Polar interaction        =        F
       Spin-orbital interaction =        F
       ASR to ep-matrix (eph)   =        T
       n/p-type semiconductor   =        n    

       e-imp scattering mode    =        2
           (0: none; 1: Brooks-Herring relaxation time; 2: B-H momentum relaxation time)
       e-imp-ls mode    =        0
           (0: both long and short range; 1: only long range; 
            2: only short range;          3: none )
       -------------------------------------------------------
       ITERATION:    0                     CPU TIME:  1206.0 s
       -------------------------------------------------------
         MOB |    5.214671E+02   -9.318928E-16   -5.822012E-15
             |    2.065283E-16    5.214671E+02    2.854540E-15
             |   -2.551983E-15    1.345404E-15    5.214671E+02
       -------------------------------------------------------
       MOB_e |    5.214671E+02   -9.318928E-16   -5.822012E-15
             |    2.065283E-16    5.214671E+02    2.854540E-15
             |   -2.551983E-15    1.345404E-15    5.214671E+02
       -------------------------------------------------------
       MOB_h |    0.000000E+00    0.000000E+00    0.000000E+00
             |    0.000000E+00    0.000000E+00    0.000000E+00
             |    0.000000E+00    0.000000E+00    0.000000E+00
             -------------------------------------------------
         COD |    5.012863E+05   -8.958286E-13   -5.596700E-12
             |    1.985356E-13    5.012863E+05    2.744069E-12
             |   -2.453222E-12    1.293337E-12    5.012863E+05
             -------------------------------------------------
       COD_e |    5.012863E+05   -8.958286E-13   -5.596700E-12
             |    1.985356E-13    5.012863E+05    2.744069E-12
             |   -2.453222E-12    1.293337E-12    5.012863E+05
             -------------------------------------------------
       COD_h |    0.000000E+00    0.000000E+00    0.000000E+00
             |    0.000000E+00    0.000000E+00    0.000000E+00
             |    0.000000E+00    0.000000E+00    0.000000E+00
             -------------------------------------------------
         ETC |    2.389589E+00    5.314751E-18    9.264687E-18
             |    8.526705E-18    2.389589E+00    1.753780E-18
             |   -4.734289E-18   -2.228081E-18    2.389589E+00
             -------------------------------------------------
         SEB |   -1.395089E+02    1.202647E-16   -3.875358E-16
             |    1.814816E-16   -1.395089E+02    5.845487E-16
             |   -5.832044E-16    1.249994E-16   -1.395089E+02
             -------------------------------------------------
       SEB_e |   -1.395089E+02    1.202647E-16   -3.875358E-16
             |    1.814816E-16   -1.395089E+02    5.845487E-16
             |   -5.832044E-16    1.249994E-16   -1.395089E+02
             -------------------------------------------------
       SEB_h |    0.000000E+00    0.000000E+00    0.000000E+00
             |    0.000000E+00    0.000000E+00    0.000000E+00
             |    0.000000E+00    0.000000E+00    0.000000E+00
             -------------------------------------------------
         PEL |   -4.185271E+04    6.207671E-15   -1.076003E-13
             |   -7.368897E-14   -4.185271E+04    1.200095E-13
             |   -8.823332E-14    6.676990E-14   -4.185271E+04
             -------------------------------------------------
         POF |    9.756396E+01   -3.425641E-16   -5.472326E-16
             |   -2.151938E-16    9.756396E+01   -2.835247E-16
             |    3.382513E-16    7.688467E-17    9.756396E+01
             -------------------------------------------------
         LOZ |    1.588970E-08    6.373655E-26    2.390094E-25
             |    5.040561E-26    1.588970E-08   -7.531923E-26
             |    4.628095E-26   -5.581174E-26    1.588970E-08
             -------------------------------------------------
         LTC |    1.669847E+01   -5.525510E-18    1.160642E-16
             |    1.705757E-17    1.669847E+01    1.240917E-18
             |    1.841523E-16   -2.125931E-17    1.669847E+01
             -------------------------------------------------
        SLTC |    4.883646E+01    8.301514E-17    1.786276E-17
             |    1.688838E-16    4.883646E+01   -2.720310E-17
             |    4.852440E-18   -6.016295E-17    4.883646E+01
             -------------------------------------------------
         BTC |    0.000000E+00    0.000000E+00    0.000000E+00
             |    0.000000E+00    0.000000E+00    0.000000E+00
             |    0.000000E+00    0.000000E+00    0.000000E+00
             -------------------------------------------------
         SPD |    0.000000E+00    0.000000E+00    0.000000E+00
             |    0.000000E+00    0.000000E+00    0.000000E+00
             |    0.000000E+00    0.000000E+00    0.000000E+00
             -------------------------------------------------

         SPK |    0.000000E+00    0.000000E+00    0.000000E+00
             |    0.000000E+00    0.000000E+00    0.000000E+00
             |    0.000000E+00    0.000000E+00    0.000000E+00
             -------------------------------------------------

         SPX |    0.000000E+00    0.000000E+00    0.000000E+00
             |    0.000000E+00    0.000000E+00    0.000000E+00
             |    0.000000E+00    0.000000E+00    0.000000E+00
             -------------------------------------------------

         SPL |    0.000000E+00    0.000000E+00    0.000000E+00
             |    0.000000E+00    0.000000E+00    0.000000E+00
             |    0.000000E+00    0.000000E+00    0.000000E+00
         SPG |    0.000000E+00    0.000000E+00    0.000000E+00
             |    0.000000E+00    0.000000E+00    0.000000E+00
             |    0.000000E+00    0.000000E+00    0.000000E+00
       -------------------------------------------------------
       ITERATION:    1                     CPU TIME:  1212.8 s
       -------------------------------------------------------
         MOB |    5.234062E+02    5.395887E-16   -6.320760E-16
             |    2.576930E-15    5.234062E+02   -8.012427E-16
             |    8.325963E-16   -7.551903E-16    5.234062E+02
       -------------------------------------------------------
       MOB_e |    5.234062E+02    5.395887E-16   -6.320760E-16
             |    2.576930E-15    5.234062E+02   -8.012427E-16
             |    8.325963E-16   -7.551903E-16    5.234062E+02
       -------------------------------------------------------
       MOB_h |    0.000000E+00    0.000000E+00    0.000000E+00
             |    0.000000E+00    0.000000E+00    0.000000E+00
             |    0.000000E+00    0.000000E+00    0.000000E+00
             -------------------------------------------------
         COD |    5.031503E+05    5.187066E-13   -6.076147E-13
             |    2.477202E-12    5.031503E+05   -7.702346E-13
             |    8.003748E-13   -7.259644E-13    5.031503E+05
             -------------------------------------------------
       COD_e |    5.031503E+05    5.187066E-13   -6.076147E-13
             |    2.477202E-12    5.031503E+05   -7.702346E-13
             |    8.003748E-13   -7.259644E-13    5.031503E+05
             -------------------------------------------------
       COD_h |    0.000000E+00    0.000000E+00    0.000000E+00
             |    0.000000E+00    0.000000E+00    0.000000E+00
             |    0.000000E+00    0.000000E+00    0.000000E+00
             -------------------------------------------------
         ETC |    2.393300E+00   -1.187241E-17   -8.643527E-18
             |   -1.399533E-17    2.393300E+00    1.564884E-18
             |   -1.172702E-17    3.747136E-18    2.393300E+00
             -------------------------------------------------
         SEB |   -1.395465E+02   -4.293568E-16    2.511899E-17
             |   -1.308709E-16   -1.395465E+02   -8.250322E-17
             |   -1.331441E-16   -2.302715E-16   -1.395465E+02
             -------------------------------------------------
       SEB_e |   -1.395465E+02   -4.293568E-16    2.511899E-17
             |   -1.308709E-16   -1.395465E+02   -8.250322E-17
             |   -1.331441E-16   -2.302715E-16   -1.395465E+02
             -------------------------------------------------
       SEB_h |    0.000000E+00    0.000000E+00    0.000000E+00
             |    0.000000E+00    0.000000E+00    0.000000E+00
             |    0.000000E+00    0.000000E+00    0.000000E+00
             -------------------------------------------------
         PEL |   -4.186400E+04   -1.108636E-13   -2.420821E-13
             |   -1.140396E-13   -4.186400E+04   -2.784480E-14
             |    7.514061E-14    5.717304E-14   -4.186400E+04
             -------------------------------------------------
         POF |    9.797958E+01    7.039363E-16   -1.535957E-16
             |    6.661676E-16    9.797958E+01   -3.413375E-17
             |    3.428273E-16    1.819918E-16    9.797958E+01
             -------------------------------------------------
         LOZ |    1.585541E-08   -9.499939E-26   -3.811533E-26
             |   -1.707802E-25    1.585541E-08    3.463907E-26
             |   -1.029121E-25    4.770126E-26    1.585541E-08
             -------------------------------------------------
         LTC |    1.669847E+01   -5.525510E-18    1.160642E-16
             |    1.705757E-17    1.669847E+01    1.240917E-18
             |    1.841523E-16   -2.125931E-17    1.669847E+01
             -------------------------------------------------
        SLTC |    4.883646E+01    8.301514E-17    1.786276E-17
             |    1.688838E-16    4.883646E+01   -2.720310E-17
             |    4.852440E-18   -6.016295E-17    4.883646E+01
             -------------------------------------------------
         BTC |    0.000000E+00    0.000000E+00    0.000000E+00
             |    0.000000E+00    0.000000E+00    0.000000E+00
             |    0.000000E+00    0.000000E+00    0.000000E+00
             -------------------------------------------------
         SPD |   -8.811523E+01    4.586669E-16    3.252332E-15
             |   -9.407315E-16   -8.811523E+01    2.452839E-15
             |    1.344727E-15   -4.204141E-16   -8.811523E+01
             -------------------------------------------------

         SPK |   -8.790365E+01    2.246456E-02    9.973355E-03
             |    7.850062E-03   -8.773400E+01   -5.007393E-04
             |    3.868648E-03    3.111653E-03   -8.853084E+01
             -------------------------------------------------

         SPX |   -6.969243E+01    1.841660E-01    1.607110E-02
             |    1.746161E-01   -6.953232E+01    1.917357E-03
             |    6.395213E-04   -1.673218E-01   -7.000107E+01
             -------------------------------------------------

         SPL |    0.000000E+00    0.000000E+00    0.000000E+00
             |    0.000000E+00    0.000000E+00    0.000000E+00
             |    0.000000E+00    0.000000E+00    0.000000E+00
       -------------------------------------------------------

         SPG |    0.000000E+00    0.000000E+00    0.000000E+00
             |    0.000000E+00    0.000000E+00    0.000000E+00
             |    0.000000E+00    0.000000E+00    0.000000E+00
       -------------------------------------------------------

       MOB = Electron mobility [cm^2/V/s]
       COD = Electron conductivity [1/Ohm/m]
       ETC = Electron thermal conductivity [W/m/K]
       SEB = Seebeck coefficient [uV/K]
       PEL = Peltier coefficient [uV]
       POF = Power factor [uW/cm/K^2]
       LOZ = Lorentz number [W*Ohm/K^2]
       LTC = Lattice thermal conductivity [W/m/K]
       SLTC = Lattice thermal conductivity using ph lifetime from ShengBTE [W/m/K]
       BTC = Bipolar thermal conductivity [W/m/K]
       SPD = Phonon-drag Seebeck coefficient [uV/K]

       SPK ~ SPD but sum_k(sum_q) [uV/K]

       SPX ~ SPD but sum_k(sum_q) from near X valley [uV/K]

       SPL ~ SPD but sum_k(sum_q) from L valley [uV/K]

       SPG ~ SPD but sum_k(sum_q) from Gamma walley [uV/K]

