       
       MIT NANOENGINEERING GROUP
       T.H. LIU and J. ZHOU
       ELECTRON-PHONON BOLTZMANN TRANSPORT EQUATION SOLVER (v5.0)     
       
       
       k-mesh:   60 *   60 *   60  =       216000 points
       q-mesh:   60 *   60 *   60  =       216000 points

       Dimension   =     3
       Band (e)    =     5  to  6
       Mode (ph)   =     6
       Bandgap     =     6.2682  to    7.3882 [eV]
       fsthick     =     0.2000  /     0.4035 [eV]

       n_intr      =     1.1490E+10 [cm^-3] at T =  300.0 [K]

       Smearing                 =    tetra
       Mixing ratio             =   0.3300
       GW band structure        =        F
       RBM bandgap              =   1.1200 [eV]
       Spin-orbital interaction =        F

       Polar interaction        =        F
       Polar e-LO phonon considered?  =        T
       Screening of polar scattering considered?  =        F
       
       Use direct interpolation for ep-matrix?   :        F
       ASR to ep-matrix (eph)   =        T

       n/p-type semiconductor   =        n    

       e-imp scattering mode    =        2
           (0: none; 1: Brooks-Herring relaxation time; 2: B-H momentum relaxation time)
       e-imp-ls mode    =        0
           (0: both long and short range; 1: only long range; 
            2: only short range;          3: none )
       

       =========================================================================================================================
          T(K)  Fermi level Doping(cm^-3)  n_carr     n_charge    Mobility      cond      Seebeck        PF         PF*T    thermal cond
         300.0      7.3664    -1.00E+19    1.00E+19   -1.00E+19    5.90E+02    9.45E+04   -2.82E+02    7.54E+01    2.26E+00    4.20E-01
         300.0      7.3876    -2.00E+19    2.00E+19   -2.00E+19    5.78E+02    1.85E+05   -2.23E+02    9.21E+01    2.76E+00    8.35E-01
         300.0      7.4117    -4.00E+19    4.00E+19   -4.00E+19    5.51E+02    3.53E+05   -1.68E+02    9.96E+01    2.99E+00    1.64E+00
         300.0      7.4281    -6.00E+19    6.00E+19   -6.00E+19    5.21E+02    5.01E+05   -1.40E+02    9.76E+01    2.93E+00    2.39E+00
         300.0      7.4524    -1.00E+20    1.00E+20   -1.00E+20    4.73E+02    7.57E+05   -1.07E+02    8.68E+01    2.60E+00    3.72E+00
         300.0      7.4943    -2.00E+20    2.00E+20   -2.00E+20    3.81E+02    1.22E+06   -7.03E+01    6.03E+01    1.81E+00    6.66E+00
         300.0      7.5501    -4.00E+20    4.00E+20   -4.00E+20    2.79E+02    1.79E+06   -4.98E+01    4.42E+01    1.33E+00    1.11E+01
         300.0      7.5917    -6.00E+20    6.00E+20   -6.00E+20    2.38E+02    2.29E+06   -4.59E+01    4.82E+01    1.45E+00    1.40E+01
       -------------------------------------------------------
       
       MOB = Electron mobility [cm^2/V/s]
       COD = Electron conductivity [1/Ohm/m]
       ETC = Electron thermal conductivity [W/m/K]
       SEB = Seebeck coefficient [uV/K]
       PEL = Peltier coefficient [uV]
       
