       
       ~B(                 .BNz.          zNNN+                        
       ~NNNNNNNNNNNNNNNNNNNNNNN+          zNh+                         
       ~Nz  .         ~     Nz    ~NNs~   zN~                          
       ~Nz  ~N-      .NNND  Nz     NN     zN~                          
       ~Nz    Nh     zN+    Nz     NN     zN~                          
       ~Nz    (Nz   =N~     Nz     NN     zN~                          
       ~Nz.+<~~Dz~~zh~+NNB( Nz     NN     zN~                          
       ~Nz  -    ~Nz        Nz     NN     zN~                          
       ~Nz       ~Nz        Nz     NN     zN~                          
       ~Nz  +NNB-~Nz  ~NNN< Nz     NN     zN~                          
       ~Nz  +N+  ~Nz  ~Nz   Nz     NN     zN~                          
       ~Nz  +N<  ~Nz  ~Nz   Nz     NN     zN~                          
       ~Nz  +N+  ~Nz  ~Nz   Nz     NN     zN~                          
       ~Nz  <N+  ~Nz  ~Nz   Nz     NN     zN~                          
       ~Nz  +N+  ~Nz  ~Nz   Nz    ~NN     zN~                          
       ~Nz  zNNNNNNNNNNNz   Nz    .s+     zN~                          
       ~Nz             +(   Nz            zN~                          
       ~Nz                  Nz            zN~                          
       +Nz           ~+zNNNNNz     <Bzz<+zNN~                          
       +Nz                hN+           sNB<                           
       
       
       MIT NANOENGINEERING GROUP                                       
       TE-HUAN LIU and JIAWEI ZHOU                                     
       ELECTRON-PHONON BOLTZMANN TRANSPORT EQUATION SOLVER (v2.2)      
       
       Program starts on  9/ 2/2020 at  4:54:27
       
       =======================================================
       
       k-mesh:  100 *  100 *  100  =      1000000 points
       q-mesh:  100 *  100 *  100  =      1000000 points

       Dimension   =     3
       Band (e)    =     5  to  6
       Mode (ph)   =     6
       Bandgap     =     6.2682  to    7.3882 [eV]
       fsthick     =     0.2000  /     0.2642 [eV]
       epthick     =     0.0000 [eV]

       Temperature =   300.0 [K]
       Doping      =    -1.0000E+19 [cm^-3]
       Fermi level =     7.3664 [eV]
       n_hole      =     0.0000E+00 [cm^-3]
       n_elec      =     9.9999E+18 [cm^-3]
       n_intr      =     1.1490E+10 [cm^-3]

       Smearing                 =    tetra
       Mixing ratio             =   0.3300
       GW band structure        =        F
       RBM bandgap              =   1.1200 [eV]
       Polar interaction        =        F
       Spin-orbital interaction =        F
       ASR to ep-matrix (eph)   =        T
       n/p-type semiconductor   =        n    

       e-imp scattering mode    =        0
           (0: none; 1: Brooks-Herring relaxation time; 2: B-H momentum relaxation time)
       e-imp-ls mode    =        0
           (0: both long and short range; 1: only long range; 
            2: only short range;          3: none )
       -------------------------------------------------------
       ITERATION:    0                     CPU TIME:     0.1 s
       -------------------------------------------------------
         MOB |    1.360948E+03   -9.981516E-15    5.850389E-15
             |   -1.062982E-14    1.360948E+03   -3.752732E-15
             |    3.177667E-15   -2.733138E-15    1.360948E+03
       -------------------------------------------------------
       MOB_e |    1.360948E+03   -9.981516E-15    5.850389E-15
             |   -1.062982E-14    1.360948E+03   -3.752732E-15
             |    3.177667E-15   -2.733138E-15    1.360948E+03
       -------------------------------------------------------
       MOB_h |    0.000000E+00    0.000000E+00    0.000000E+00
             |    0.000000E+00    0.000000E+00    0.000000E+00
             |    0.000000E+00    0.000000E+00    0.000000E+00
             -------------------------------------------------
         COD |    2.180458E+05   -1.599200E-12    9.373266E-13
             |   -1.703068E-12    2.180458E+05   -6.012482E-13
             |    5.091136E-13   -4.378928E-13    2.180458E+05
             -------------------------------------------------
       COD_e |    2.180458E+05   -1.599200E-12    9.373266E-13
             |   -1.703068E-12    2.180458E+05   -6.012482E-13
             |    5.091136E-13   -4.378928E-13    2.180458E+05
             -------------------------------------------------
       COD_h |    0.000000E+00    0.000000E+00    0.000000E+00
             |    0.000000E+00    0.000000E+00    0.000000E+00
             |    0.000000E+00    0.000000E+00    0.000000E+00
             -------------------------------------------------
         ETC |    7.113181E-01   -7.007500E-18    6.121610E-18
             |   -3.773834E-18    7.113181E-01   -7.356137E-18
             |    9.815439E-18   -1.096650E-17    7.113181E-01
             -------------------------------------------------
         SEB |   -2.350655E+02   -3.244163E-16    6.753067E-16
             |   -2.974613E-16   -2.350655E+02   -4.453534E-16
             |    9.938323E-16   -5.750472E-16   -2.350655E+02
             -------------------------------------------------
       SEB_e |   -2.350655E+02   -3.244163E-16    6.753067E-16
             |   -2.974613E-16   -2.350655E+02   -4.453534E-16
             |    9.938323E-16   -5.750472E-16   -2.350655E+02
             -------------------------------------------------
       SEB_h |    0.000000E+00    0.000000E+00    0.000000E+00
             |    0.000000E+00    0.000000E+00    0.000000E+00
             |    0.000000E+00    0.000000E+00    0.000000E+00
             -------------------------------------------------
         PEL |   -7.051975E+04   -1.192289E-13    2.196755E-13
             |   -8.917554E-14   -7.051975E+04   -1.262173E-13
             |    1.532793E-13   -1.902557E-13   -7.051975E+04
             -------------------------------------------------
         POF |    1.204830E+02   -5.510914E-16   -1.743303E-16
             |   -6.361163E-16    1.204830E+02    1.243078E-16
             |   -7.374639E-16    3.475204E-16    1.204830E+02
             -------------------------------------------------
         LOZ |    1.087412E-08   -2.737226E-26    4.683757E-26
             |    2.724172E-26    1.087412E-08   -8.247064E-26
             |    1.246615E-25   -1.458099E-25    1.087412E-08
             -------------------------------------------------
             -------------------------------------------------
         BTC |    0.000000E+00    0.000000E+00    0.000000E+00
             |    0.000000E+00    0.000000E+00    0.000000E+00
             |    0.000000E+00    0.000000E+00    0.000000E+00
       -------------------------------------------------------

       -------------------------------------------------------

       MOB = Electron mobility [cm^2/V/s]
       COD = Electron conductivity [1/Ohm/m]
       ETC = Electron thermal conductivity [W/m/K]
       SEB = Seebeck coefficient [uV/K]
       PEL = Peltier coefficient [uV]
       POF = Power factor [uW/cm/K^2]
       LOZ = Lorentz number [W*Ohm/K^2]
       BTC = Bipolar thermal conductivity [W/m/K]
