       
       ~B(                 .BNz.          zNNN+                        
       ~NNNNNNNNNNNNNNNNNNNNNNN+          zNh+                         
       ~Nz  .         ~     Nz    ~NNs~   zN~                          
       ~Nz  ~N-      .NNND  Nz     NN     zN~                          
       ~Nz    Nh     zN+    Nz     NN     zN~                          
       ~Nz    (Nz   =N~     Nz     NN     zN~                          
       ~Nz.+<~~Dz~~zh~+NNB( Nz     NN     zN~                          
       ~Nz  -    ~Nz        Nz     NN     zN~                          
       ~Nz       ~Nz        Nz     NN     zN~                          
       ~Nz  +NNB-~Nz  ~NNN< Nz     NN     zN~                          
       ~Nz  +N+  ~Nz  ~Nz   Nz     NN     zN~                          
       ~Nz  +N<  ~Nz  ~Nz   Nz     NN     zN~                          
       ~Nz  +N+  ~Nz  ~Nz   Nz     NN     zN~                          
       ~Nz  <N+  ~Nz  ~Nz   Nz     NN     zN~                          
       ~Nz  +N+  ~Nz  ~Nz   Nz    ~NN     zN~                          
       ~Nz  zNNNNNNNNNNNz   Nz    .s+     zN~                          
       ~Nz             +(   Nz            zN~                          
       ~Nz                  Nz            zN~                          
       +Nz           ~+zNNNNNz     <Bzz<+zNN~                          
       +Nz                hN+           sNB<                           
       
       
       MIT NANOENGINEERING GROUP                                       
       TE-HUAN LIU and JIAWEI ZHOU                                     
       ELECTRON-PHONON BOLTZMANN TRANSPORT EQUATION SOLVER (v2.2)      
       
       Program starts on  7/12/2020 at 22:59:59
       
       =======================================================
       
       k-mesh:   60 *   60 *   60  =       216000 points
       q-mesh:   60 *   60 *   60  =       216000 points

       Dimension   =     3
       Band (e)    =     5  to  6
       Mode (ph)   =     6
       Bandgap     =     6.2682  to    7.3882 [eV]
       fsthick     =     0.2000  /     0.4035 [eV]
       epthick     =     0.2000 [eV]

       Temperature =   300.0 [K]
       Doping      =    -1.0000E+19 [cm^-3]
       Fermi level =     7.3664 [eV]
       n_hole      =     0.0000E+00 [cm^-3]
       n_elec      =     9.9999E+18 [cm^-3]
       n_intr      =     1.1490E+10 [cm^-3]

       Smearing                 =    tetra
       Mixing ratio             =   0.3300
       GW band structure        =        F
       RBM bandgap              =   1.1200 [eV]
       Polar interaction        =        F
       Spin-orbital interaction =        F
       ASR to ep-matrix (eph)   =        T
       n/p-type semiconductor   =        n    

       e-imp scattering mode    =        2
           (0: none; 1: Brooks-Herring relaxation time; 2: B-H momentum relaxation time)
       e-imp-ls mode    =        0
           (0: both long and short range; 1: only long range; 
            2: only short range;          3: none )
       -------------------------------------------------------
       ITERATION:    0                     CPU TIME:  1206.5 s
       -------------------------------------------------------
         MOB |    5.901034E+02    1.417523E-15    1.608481E-15
             |    3.257400E-15    5.901034E+02   -2.614379E-15
             |   -1.899881E-15    1.670505E-16    5.901034E+02
       -------------------------------------------------------
       MOB_e |    5.901034E+02    1.417523E-15    1.608481E-15
             |    3.257400E-15    5.901034E+02   -2.614379E-15
             |   -1.899881E-15    1.670505E-16    5.901034E+02
       -------------------------------------------------------
       MOB_h |    0.000000E+00    0.000000E+00    0.000000E+00
             |    0.000000E+00    0.000000E+00    0.000000E+00
             |    0.000000E+00    0.000000E+00    0.000000E+00
             -------------------------------------------------
         COD |    9.454408E+04    2.271100E-13    2.577047E-13
             |    5.218881E-13    9.454408E+04   -4.188657E-13
             |   -3.043916E-13    2.676418E-14    9.454408E+04
             -------------------------------------------------
       COD_e |    9.454408E+04    2.271100E-13    2.577047E-13
             |    5.218881E-13    9.454408E+04   -4.188657E-13
             |   -3.043916E-13    2.676418E-14    9.454408E+04
             -------------------------------------------------
       COD_h |    0.000000E+00    0.000000E+00    0.000000E+00
             |    0.000000E+00    0.000000E+00    0.000000E+00
             |    0.000000E+00    0.000000E+00    0.000000E+00
             -------------------------------------------------
         ETC |    4.197221E-01   -1.073589E-19   -1.107203E-17
             |   -2.240611E-18    4.197221E-01    5.867828E-18
             |   -1.353765E-17    4.776953E-18    4.197221E-01
             -------------------------------------------------
         SEB |   -2.824484E+02    4.847046E-16   -6.189487E-16
             |    1.393397E-16   -2.824484E+02    7.616742E-17
             |   -7.329487E-16    2.024691E-16   -2.824484E+02
             -------------------------------------------------
       SEB_e |   -2.824484E+02    4.847046E-16   -6.189487E-16
             |    1.393397E-16   -2.824484E+02    7.616742E-17
             |   -7.329487E-16    2.024691E-16   -2.824484E+02
             -------------------------------------------------
       SEB_h |    0.000000E+00    0.000000E+00    0.000000E+00
             |    0.000000E+00    0.000000E+00    0.000000E+00
             |    0.000000E+00    0.000000E+00    0.000000E+00
             -------------------------------------------------
         PEL |   -8.473462E+04    1.752828E-13    1.501937E-13
             |    1.417542E-13   -8.473462E+04   -1.446544E-13
             |   -1.378747E-14   -2.325275E-14   -8.473462E+04
             -------------------------------------------------
         POF |    7.542451E+01   -7.768757E-17    5.361552E-16
             |    3.419291E-16    7.542451E+01   -3.748380E-16
             |    1.486159E-16   -8.678227E-17    7.542451E+01
             -------------------------------------------------
         LOZ |    1.479809E-08   -3.933252E-26   -4.307013E-25
             |   -1.606832E-25    1.479809E-08    2.724424E-25
             |   -4.296519E-25    1.642313E-25    1.479809E-08
             -------------------------------------------------
         LTC |    2.940925E+01    1.100736E-16    4.957131E-16
             |    1.403518E-16    2.940925E+01    1.761972E-17
             |    3.604048E-16    8.220616E-17    2.940925E+01
             -------------------------------------------------
        SLTC |    4.883646E+01    8.301514E-17    1.786276E-17
             |    1.688838E-16    4.883646E+01   -2.720310E-17
             |    4.852440E-18   -6.016295E-17    4.883646E+01
             -------------------------------------------------
         BTC |    0.000000E+00    0.000000E+00    0.000000E+00
             |    0.000000E+00    0.000000E+00    0.000000E+00
             |    0.000000E+00    0.000000E+00    0.000000E+00
             -------------------------------------------------
         SPD |    0.000000E+00    0.000000E+00    0.000000E+00
             |    0.000000E+00    0.000000E+00    0.000000E+00
             |    0.000000E+00    0.000000E+00    0.000000E+00
             -------------------------------------------------

         SPK |    0.000000E+00    0.000000E+00    0.000000E+00
             |    0.000000E+00    0.000000E+00    0.000000E+00
             |    0.000000E+00    0.000000E+00    0.000000E+00
             -------------------------------------------------

         SPX |    0.000000E+00    0.000000E+00    0.000000E+00
             |    0.000000E+00    0.000000E+00    0.000000E+00
             |    0.000000E+00    0.000000E+00    0.000000E+00
             -------------------------------------------------

         SPL |    0.000000E+00    0.000000E+00    0.000000E+00
             |    0.000000E+00    0.000000E+00    0.000000E+00
             |    0.000000E+00    0.000000E+00    0.000000E+00
         SPG |    0.000000E+00    0.000000E+00    0.000000E+00
             |    0.000000E+00    0.000000E+00    0.000000E+00
             |    0.000000E+00    0.000000E+00    0.000000E+00
       -------------------------------------------------------
       ITERATION:    1                     CPU TIME:  1211.6 s
       -------------------------------------------------------
         MOB |    5.928258E+02    1.088343E-16    1.223209E-15
             |    2.677352E-15    5.928258E+02   -1.753957E-15
             |    8.097909E-16    1.706387E-15    5.928258E+02
       -------------------------------------------------------
       MOB_e |    5.928258E+02    1.088343E-16    1.223209E-15
             |    2.677352E-15    5.928258E+02   -1.753957E-15
             |    8.097909E-16    1.706387E-15    5.928258E+02
       -------------------------------------------------------
       MOB_h |    0.000000E+00    0.000000E+00    0.000000E+00
             |    0.000000E+00    0.000000E+00    0.000000E+00
             |    0.000000E+00    0.000000E+00    0.000000E+00
             -------------------------------------------------
         COD |    9.498026E+04    1.743701E-14    1.959778E-13
             |    4.289550E-13    9.498026E+04   -2.810122E-13
             |    1.297416E-13    2.733907E-13    9.498026E+04
             -------------------------------------------------
       COD_e |    9.498026E+04    1.743701E-14    1.959778E-13
             |    4.289550E-13    9.498026E+04   -2.810122E-13
             |    1.297416E-13    2.733907E-13    9.498026E+04
             -------------------------------------------------
       COD_h |    0.000000E+00    0.000000E+00    0.000000E+00
             |    0.000000E+00    0.000000E+00    0.000000E+00
             |    0.000000E+00    0.000000E+00    0.000000E+00
             -------------------------------------------------
         ETC |    4.210573E-01   -3.273813E-18   -1.217519E-17
             |    8.466314E-19    4.210573E-01   -1.418767E-18
             |    1.884047E-17   -9.040034E-19    4.210573E-01
             -------------------------------------------------
         SEB |   -2.824168E+02   -1.129659E-18   -2.818713E-16
             |    1.353236E-16   -2.824168E+02   -8.781012E-16
             |    1.489694E-15   -4.419075E-16   -2.824168E+02
             -------------------------------------------------
       SEB_e |   -2.824168E+02   -1.129659E-18   -2.818713E-16
             |    1.353236E-16   -2.824168E+02   -8.781012E-16
             |    1.489694E-15   -4.419075E-16   -2.824168E+02
             -------------------------------------------------
       SEB_h |    0.000000E+00    0.000000E+00    0.000000E+00
             |    0.000000E+00    0.000000E+00    0.000000E+00
             |    0.000000E+00    0.000000E+00    0.000000E+00
             -------------------------------------------------
         PEL |   -8.472515E+04    5.242713E-14    2.322726E-13
             |   -2.827206E-14   -8.472515E+04   -1.797752E-13
             |    5.554820E-13   -7.134668E-14   -8.472515E+04
             -------------------------------------------------
         POF |    7.575555E+01    1.451367E-17    3.075289E-16
             |    2.695329E-16    7.575555E+01    2.469509E-16
             |   -6.957106E-16    4.551291E-16    7.575555E+01
             -------------------------------------------------
         LOZ |    1.477699E-08   -1.176072E-25   -4.577780E-25
             |   -3.702416E-26    1.477699E-08   -6.071804E-27
             |    6.410207E-25   -7.425999E-26    1.477699E-08
             -------------------------------------------------
         LTC |    2.940925E+01    1.100736E-16    4.957131E-16
             |    1.403518E-16    2.940925E+01    1.761972E-17
             |    3.604048E-16    8.220616E-17    2.940925E+01
             -------------------------------------------------
        SLTC |    4.883646E+01    8.301514E-17    1.786276E-17
             |    1.688838E-16    4.883646E+01   -2.720310E-17
             |    4.852440E-18   -6.016295E-17    4.883646E+01
             -------------------------------------------------
         BTC |    0.000000E+00    0.000000E+00    0.000000E+00
             |    0.000000E+00    0.000000E+00    0.000000E+00
             |    0.000000E+00    0.000000E+00    0.000000E+00
             -------------------------------------------------
         SPD |   -2.274695E+02   -2.479544E-15    7.038173E-15
             |    1.429453E-15   -2.274695E+02    8.608310E-16
             |   -4.512213E-15    5.600632E-15   -2.274695E+02
             -------------------------------------------------

         SPK |   -2.269123E+02    1.013881E-01    2.587381E-02
             |    1.624846E-01   -2.263212E+02   -2.349162E-02
             |   -1.839678E-02   -5.155636E-02   -2.288046E+02
             -------------------------------------------------

         SPX |   -1.996662E+02    4.729976E-01    6.261653E-03
             |    5.269247E-01   -1.990733E+02   -1.559186E-02
             |   -2.188137E-02   -4.205279E-01   -2.008501E+02
             -------------------------------------------------

         SPL |    0.000000E+00    0.000000E+00    0.000000E+00
             |    0.000000E+00    0.000000E+00    0.000000E+00
             |    0.000000E+00    0.000000E+00    0.000000E+00
       -------------------------------------------------------

         SPG |    0.000000E+00    0.000000E+00    0.000000E+00
             |    0.000000E+00    0.000000E+00    0.000000E+00
             |    0.000000E+00    0.000000E+00    0.000000E+00
       -------------------------------------------------------

       MOB = Electron mobility [cm^2/V/s]
       COD = Electron conductivity [1/Ohm/m]
       ETC = Electron thermal conductivity [W/m/K]
       SEB = Seebeck coefficient [uV/K]
       PEL = Peltier coefficient [uV]
       POF = Power factor [uW/cm/K^2]
       LOZ = Lorentz number [W*Ohm/K^2]
       LTC = Lattice thermal conductivity [W/m/K]
       SLTC = Lattice thermal conductivity using ph lifetime from ShengBTE [W/m/K]
       BTC = Bipolar thermal conductivity [W/m/K]
       SPD = Phonon-drag Seebeck coefficient [uV/K]

       SPK ~ SPD but sum_k(sum_q) [uV/K]

       SPX ~ SPD but sum_k(sum_q) from near X valley [uV/K]

       SPL ~ SPD but sum_k(sum_q) from L valley [uV/K]

       SPG ~ SPD but sum_k(sum_q) from Gamma walley [uV/K]

