       
       ~B(                 .BNz.          zNNN+                        
       ~NNNNNNNNNNNNNNNNNNNNNNN+          zNh+                         
       ~Nz  .         ~     Nz    ~NNs~   zN~                          
       ~Nz  ~N-      .NNND  Nz     NN     zN~                          
       ~Nz    Nh     zN+    Nz     NN     zN~                          
       ~Nz    (Nz   =N~     Nz     NN     zN~                          
       ~Nz.+<~~Dz~~zh~+NNB( Nz     NN     zN~                          
       ~Nz  -    ~Nz        Nz     NN     zN~                          
       ~Nz       ~Nz        Nz     NN     zN~                          
       ~Nz  +NNB-~Nz  ~NNN< Nz     NN     zN~                          
       ~Nz  +N+  ~Nz  ~Nz   Nz     NN     zN~                          
       ~Nz  +N<  ~Nz  ~Nz   Nz     NN     zN~                          
       ~Nz  +N+  ~Nz  ~Nz   Nz     NN     zN~                          
       ~Nz  <N+  ~Nz  ~Nz   Nz     NN     zN~                          
       ~Nz  +N+  ~Nz  ~Nz   Nz    ~NN     zN~                          
       ~Nz  zNNNNNNNNNNNz   Nz    .s+     zN~                          
       ~Nz             +(   Nz            zN~                          
       ~Nz                  Nz            zN~                          
       +Nz           ~+zNNNNNz     <Bzz<+zNN~                          
       +Nz                hN+           sNB<                           
       
       
       MIT NANOENGINEERING GROUP                                       
       TE-HUAN LIU and JIAWEI ZHOU                                     
       ELECTRON-PHONON BOLTZMANN TRANSPORT EQUATION SOLVER (v2.2)      
       
       Program starts on  7/13/2020 at 21:14:15
       
       =======================================================
       
       k-mesh:   60 *   60 *   60  =       216000 points
       q-mesh:   60 *   60 *   60  =       216000 points

       Dimension   =     3
       Band (e)    =     5  to  6
       Mode (ph)   =     6
       Bandgap     =     6.2682  to    7.3882 [eV]
       fsthick     =     0.2000  /     0.4035 [eV]
       epthick     =     0.2000 [eV]

       Temperature =   300.0 [K]
       Doping      =    -2.0000E+20 [cm^-3]
       Fermi level =     7.4943 [eV]
       n_hole      =     0.0000E+00 [cm^-3]
       n_elec      =     2.0000E+20 [cm^-3]
       n_intr      =     1.1490E+10 [cm^-3]

       Smearing                 =    tetra
       Mixing ratio             =   0.3300
       GW band structure        =        F
       RBM bandgap              =   1.1200 [eV]
       Polar interaction        =        F
       Spin-orbital interaction =        F
       ASR to ep-matrix (eph)   =        T
       n/p-type semiconductor   =        n    

       e-imp scattering mode    =        2
           (0: none; 1: Brooks-Herring relaxation time; 2: B-H momentum relaxation time)
       e-imp-ls mode    =        0
           (0: both long and short range; 1: only long range; 
            2: only short range;          3: none )
       -------------------------------------------------------
       ITERATION:    0                     CPU TIME:  1204.3 s
       -------------------------------------------------------
         MOB |    3.811436E+02    4.938630E-16   -1.702708E-15
             |    6.710495E-16    3.811436E+02    1.136675E-15
             |    9.778862E-16    9.094924E-17    3.811436E+02
       -------------------------------------------------------
       MOB_e |    3.811436E+02    4.938630E-16   -1.702708E-15
             |    6.710495E-16    3.811436E+02    1.136675E-15
             |    9.778862E-16    9.094924E-17    3.811436E+02
       -------------------------------------------------------
       MOB_h |    0.000000E+00    0.000000E+00    0.000000E+00
             |    0.000000E+00    0.000000E+00    0.000000E+00
             |    0.000000E+00    0.000000E+00    0.000000E+00
             -------------------------------------------------
         COD |    1.221319E+06    1.582512E-12   -5.456080E-12
             |    2.150280E-12    1.221319E+06    3.642309E-12
             |    3.133493E-12    2.914335E-13    1.221319E+06
             -------------------------------------------------
       COD_e |    1.221319E+06    1.582512E-12   -5.456080E-12
             |    2.150280E-12    1.221319E+06    3.642309E-12
             |    3.133493E-12    2.914335E-13    1.221319E+06
             -------------------------------------------------
       COD_h |    0.000000E+00    0.000000E+00    0.000000E+00
             |    0.000000E+00    0.000000E+00    0.000000E+00
             |    0.000000E+00    0.000000E+00    0.000000E+00
             -------------------------------------------------
         ETC |    6.657369E+00   -8.844627E-18   -1.614278E-17
             |   -1.578335E-18    6.657369E+00   -5.749586E-18
             |   -5.369189E-18    3.980510E-18    6.657369E+00
             -------------------------------------------------
         SEB |   -7.027771E+01    4.537884E-16    3.576119E-16
             |    5.675977E-16   -7.027771E+01   -2.404920E-16
             |    6.242630E-16   -2.958889E-16   -7.027771E+01
             -------------------------------------------------
       SEB_e |   -7.027771E+01    4.537884E-16    3.576119E-16
             |    5.675977E-16   -7.027771E+01   -2.404920E-16
             |    6.242630E-16   -2.958889E-16   -7.027771E+01
             -------------------------------------------------
       SEB_h |    0.000000E+00    0.000000E+00    0.000000E+00
             |    0.000000E+00    0.000000E+00    0.000000E+00
             |    0.000000E+00    0.000000E+00    0.000000E+00
             -------------------------------------------------
         PEL |   -2.108334E+04    1.617195E-13    2.982824E-14
             |    1.426134E-13   -2.108334E+04   -7.437635E-15
             |    4.552509E-14   -5.482908E-14   -2.108334E+04
             -------------------------------------------------
         POF |    6.032041E+01   -7.008271E-16   -8.833606E-16
             |   -8.681538E-16    6.032041E+01    5.927277E-16
             |   -9.168667E-16    5.223255E-16    6.032041E+01
             -------------------------------------------------
         LOZ |    1.816987E-08   -4.768294E-26    3.711320E-26
             |   -3.629798E-26    1.816987E-08   -6.987980E-26
             |   -6.127182E-26    6.528222E-27    1.816987E-08
             -------------------------------------------------
         LTC |    8.533114E+00    4.189034E-17   -2.625908E-17
             |    3.426336E-17    8.533114E+00   -3.462489E-17
             |   -3.883561E-17   -3.780761E-17    8.533114E+00
             -------------------------------------------------
        SLTC |    4.883646E+01    8.301514E-17    1.786276E-17
             |    1.688838E-16    4.883646E+01   -2.720310E-17
             |    4.852440E-18   -6.016295E-17    4.883646E+01
             -------------------------------------------------
         BTC |    0.000000E+00    0.000000E+00    0.000000E+00
             |    0.000000E+00    0.000000E+00    0.000000E+00
             |    0.000000E+00    0.000000E+00    0.000000E+00
             -------------------------------------------------
         SPD |    0.000000E+00    0.000000E+00    0.000000E+00
             |    0.000000E+00    0.000000E+00    0.000000E+00
             |    0.000000E+00    0.000000E+00    0.000000E+00
             -------------------------------------------------

         SPK |    0.000000E+00    0.000000E+00    0.000000E+00
             |    0.000000E+00    0.000000E+00    0.000000E+00
             |    0.000000E+00    0.000000E+00    0.000000E+00
             -------------------------------------------------

         SPX |    0.000000E+00    0.000000E+00    0.000000E+00
             |    0.000000E+00    0.000000E+00    0.000000E+00
             |    0.000000E+00    0.000000E+00    0.000000E+00
             -------------------------------------------------

         SPL |    0.000000E+00    0.000000E+00    0.000000E+00
             |    0.000000E+00    0.000000E+00    0.000000E+00
             |    0.000000E+00    0.000000E+00    0.000000E+00
         SPG |    0.000000E+00    0.000000E+00    0.000000E+00
             |    0.000000E+00    0.000000E+00    0.000000E+00
             |    0.000000E+00    0.000000E+00    0.000000E+00
       -------------------------------------------------------
       ITERATION:    1                     CPU TIME:  1210.6 s
       -------------------------------------------------------
         MOB |    3.827091E+02    1.058710E-15   -1.529810E-15
             |    1.690590E-15    3.827091E+02    8.705402E-16
             |   -2.681852E-15    2.932290E-16    3.827091E+02
       -------------------------------------------------------
       MOB_e |    3.827091E+02    1.058710E-15   -1.529810E-15
             |    1.690590E-15    3.827091E+02    8.705402E-16
             |   -2.681852E-15    2.932290E-16    3.827091E+02
       -------------------------------------------------------
       MOB_h |    0.000000E+00    0.000000E+00    0.000000E+00
             |    0.000000E+00    0.000000E+00    0.000000E+00
             |    0.000000E+00    0.000000E+00    0.000000E+00
             -------------------------------------------------
         COD |    1.226335E+06    3.392481E-12   -4.902051E-12
             |    5.417250E-12    1.226335E+06    2.789519E-12
             |   -8.593602E-12    9.396095E-13    1.226335E+06
             -------------------------------------------------
       COD_e |    1.226335E+06    3.392481E-12   -4.902051E-12
             |    5.417250E-12    1.226335E+06    2.789519E-12
             |   -8.593602E-12    9.396095E-13    1.226335E+06
             -------------------------------------------------
       COD_h |    0.000000E+00    0.000000E+00    0.000000E+00
             |    0.000000E+00    0.000000E+00    0.000000E+00
             |    0.000000E+00    0.000000E+00    0.000000E+00
             -------------------------------------------------
         ETC |    6.661221E+00   -1.694613E-17   -1.250974E-17
             |   -3.884207E-18    6.661221E+00    1.728832E-18
             |   -3.537225E-17    7.840341E-18    6.661221E+00
             -------------------------------------------------
         SEB |   -7.025366E+01    4.483262E-16    3.572504E-16
             |    5.423945E-16   -7.025366E+01   -1.871160E-16
             |   -4.121375E-16   -1.708438E-16   -7.025366E+01
             -------------------------------------------------
       SEB_e |   -7.025366E+01    4.483262E-16    3.572504E-16
             |    5.423945E-16   -7.025366E+01   -1.871160E-16
             |   -4.121375E-16   -1.708438E-16   -7.025366E+01
             -------------------------------------------------
       SEB_h |    0.000000E+00    0.000000E+00    0.000000E+00
             |    0.000000E+00    0.000000E+00    0.000000E+00
             |    0.000000E+00    0.000000E+00    0.000000E+00
             -------------------------------------------------
         PEL |   -2.107612E+04    1.407445E-13   -3.963276E-14
             |    1.590886E-13   -2.107612E+04   -6.690379E-14
             |   -1.538190E-13   -5.073196E-14   -2.107612E+04
             -------------------------------------------------
         POF |    6.052673E+01   -6.050684E-16   -8.575194E-16
             |   -6.672226E-16    6.052673E+01    4.600968E-16
             |    2.860066E-16    3.407547E-16    6.052673E+01
             -------------------------------------------------
         LOZ |    1.810601E-08   -9.614932E-26    3.837247E-26
             |   -9.053976E-26    1.810601E-08   -3.648617E-26
             |    3.073260E-26    7.438308E-27    1.810601E-08
             -------------------------------------------------
         LTC |    8.533114E+00    4.189034E-17   -2.625908E-17
             |    3.426336E-17    8.533114E+00   -3.462489E-17
             |   -3.883561E-17   -3.780761E-17    8.533114E+00
             -------------------------------------------------
        SLTC |    4.883646E+01    8.301514E-17    1.786276E-17
             |    1.688838E-16    4.883646E+01   -2.720310E-17
             |    4.852440E-18   -6.016295E-17    4.883646E+01
             -------------------------------------------------
         BTC |    0.000000E+00    0.000000E+00    0.000000E+00
             |    0.000000E+00    0.000000E+00    0.000000E+00
             |    0.000000E+00    0.000000E+00    0.000000E+00
             -------------------------------------------------
         SPD |   -4.459525E+01    2.105441E-15   -2.024422E-15
             |   -7.823115E-16   -4.459525E+01   -1.736894E-16
             |    4.815145E-16    5.411443E-18   -4.459525E+01
             -------------------------------------------------

         SPK |   -4.446701E+01   -4.077480E-02    4.368333E-03
             |   -4.205198E-02   -4.440799E+01   -6.117761E-03
             |    1.921152E-03    4.580592E-02   -4.480731E+01
             -------------------------------------------------

         SPX |   -2.676918E+01    9.448441E-02    3.764132E-03
             |    9.272584E-02   -2.671958E+01   -2.628096E-03
             |    1.306464E-03   -8.586504E-02   -2.691275E+01
             -------------------------------------------------

         SPL |    0.000000E+00    0.000000E+00    0.000000E+00
             |    0.000000E+00    0.000000E+00    0.000000E+00
             |    0.000000E+00    0.000000E+00    0.000000E+00
       -------------------------------------------------------

         SPG |    0.000000E+00    0.000000E+00    0.000000E+00
             |    0.000000E+00    0.000000E+00    0.000000E+00
             |    0.000000E+00    0.000000E+00    0.000000E+00
       -------------------------------------------------------

       MOB = Electron mobility [cm^2/V/s]
       COD = Electron conductivity [1/Ohm/m]
       ETC = Electron thermal conductivity [W/m/K]
       SEB = Seebeck coefficient [uV/K]
       PEL = Peltier coefficient [uV]
       POF = Power factor [uW/cm/K^2]
       LOZ = Lorentz number [W*Ohm/K^2]
       LTC = Lattice thermal conductivity [W/m/K]
       SLTC = Lattice thermal conductivity using ph lifetime from ShengBTE [W/m/K]
       BTC = Bipolar thermal conductivity [W/m/K]
       SPD = Phonon-drag Seebeck coefficient [uV/K]

       SPK ~ SPD but sum_k(sum_q) [uV/K]

       SPX ~ SPD but sum_k(sum_q) from near X valley [uV/K]

       SPL ~ SPD but sum_k(sum_q) from L valley [uV/K]

       SPG ~ SPD but sum_k(sum_q) from Gamma walley [uV/K]

