       
       ~B(                 .BNz.          zNNN+                        
       ~NNNNNNNNNNNNNNNNNNNNNNN+          zNh+                         
       ~Nz  .         ~     Nz    ~NNs~   zN~                          
       ~Nz  ~N-      .NNND  Nz     NN     zN~                          
       ~Nz    Nh     zN+    Nz     NN     zN~                          
       ~Nz    (Nz   =N~     Nz     NN     zN~                          
       ~Nz.+<~~Dz~~zh~+NNB( Nz     NN     zN~                          
       ~Nz  -    ~Nz        Nz     NN     zN~                          
       ~Nz       ~Nz        Nz     NN     zN~                          
       ~Nz  +NNB-~Nz  ~NNN< Nz     NN     zN~                          
       ~Nz  +N+  ~Nz  ~Nz   Nz     NN     zN~                          
       ~Nz  +N<  ~Nz  ~Nz   Nz     NN     zN~                          
       ~Nz  +N+  ~Nz  ~Nz   Nz     NN     zN~                          
       ~Nz  <N+  ~Nz  ~Nz   Nz     NN     zN~                          
       ~Nz  +N+  ~Nz  ~Nz   Nz    ~NN     zN~                          
       ~Nz  zNNNNNNNNNNNz   Nz    .s+     zN~                          
       ~Nz             +(   Nz            zN~                          
       ~Nz                  Nz            zN~                          
       +Nz           ~+zNNNNNz     <Bzz<+zNN~                          
       +Nz                hN+           sNB<                           
       
       
       MIT NANOENGINEERING GROUP                                       
       TE-HUAN LIU and JIAWEI ZHOU                                     
       ELECTRON-PHONON BOLTZMANN TRANSPORT EQUATION SOLVER (v2.2)      
       
       Program starts on  7/14/2020 at  6: 7:16
       
       =======================================================
       
       k-mesh:   60 *   60 *   60  =       216000 points
       q-mesh:   60 *   60 *   60  =       216000 points

       Dimension   =     3
       Band (e)    =     5  to  6
       Mode (ph)   =     6
       Bandgap     =     6.2682  to    7.3882 [eV]
       fsthick     =     0.2000  /     0.4035 [eV]
       epthick     =     0.2000 [eV]

       Temperature =   300.0 [K]
       Doping      =    -6.0000E+20 [cm^-3]
       Fermi level =     7.5917 [eV]
       n_hole      =     0.0000E+00 [cm^-3]
       n_elec      =     6.0000E+20 [cm^-3]
       n_intr      =     1.1490E+10 [cm^-3]

       Smearing                 =    tetra
       Mixing ratio             =   0.3300
       GW band structure        =        F
       RBM bandgap              =   1.1200 [eV]
       Polar interaction        =        F
       Spin-orbital interaction =        F
       ASR to ep-matrix (eph)   =        T
       n/p-type semiconductor   =        n    

       e-imp scattering mode    =        2
           (0: none; 1: Brooks-Herring relaxation time; 2: B-H momentum relaxation time)
       e-imp-ls mode    =        0
           (0: both long and short range; 1: only long range; 
            2: only short range;          3: none )
       -------------------------------------------------------
       ITERATION:    0                     CPU TIME:  1203.9 s
       -------------------------------------------------------
         MOB |    2.381162E+02   -6.840782E-16   -1.320485E-15
             |   -5.615650E-16    2.381162E+02    1.228602E-15
             |   -6.948897E-16    3.054515E-16    2.381162E+02
       -------------------------------------------------------
       MOB_e |    2.381162E+02   -6.840782E-16   -1.320485E-15
             |   -5.615650E-16    2.381162E+02    1.228602E-15
             |   -6.948897E-16    3.054515E-16    2.381162E+02
       -------------------------------------------------------
       MOB_h |    0.000000E+00    0.000000E+00    0.000000E+00
             |    0.000000E+00    0.000000E+00    0.000000E+00
             |    0.000000E+00    0.000000E+00    0.000000E+00
             -------------------------------------------------
         COD |    2.289021E+06   -6.576073E-12   -1.269387E-11
             |   -5.398348E-12    2.289021E+06    1.181060E-11
             |   -6.680004E-12    2.936318E-12    2.289021E+06
             -------------------------------------------------
       COD_e |    2.289021E+06   -6.576073E-12   -1.269387E-11
             |   -5.398348E-12    2.289021E+06    1.181060E-11
             |   -6.680004E-12    2.936318E-12    2.289021E+06
             -------------------------------------------------
       COD_h |    0.000000E+00    0.000000E+00    0.000000E+00
             |    0.000000E+00    0.000000E+00    0.000000E+00
             |    0.000000E+00    0.000000E+00    0.000000E+00
             -------------------------------------------------
         ETC |    1.401417E+01   -3.286336E-17   -1.316498E-17
             |   -2.992115E-17    1.401417E+01    4.602097E-17
             |    2.317828E-17    1.573889E-17    1.401417E+01
             -------------------------------------------------
         SEB |   -4.589256E+01    5.155490E-17   -2.195630E-16
             |    3.550718E-18   -4.589256E+01    3.960027E-16
             |   -9.012406E-17    2.024819E-16   -4.589256E+01
             -------------------------------------------------
       SEB_e |   -4.589256E+01    5.155490E-17   -2.195630E-16
             |    3.550718E-18   -4.589256E+01    3.960027E-16
             |   -9.012406E-17    2.024819E-16   -4.589256E+01
             -------------------------------------------------
       SEB_h |    0.000000E+00    0.000000E+00    0.000000E+00
             |    0.000000E+00    0.000000E+00    0.000000E+00
             |    0.000000E+00    0.000000E+00    0.000000E+00
             -------------------------------------------------
         PEL |   -1.376779E+04   -2.497542E-15   -1.588612E-13
             |    1.603262E-14   -1.376779E+04    1.235761E-13
             |   -1.198475E-13    6.752124E-14   -1.376779E+04
             -------------------------------------------------
         POF |    4.820970E+01   -2.468163E-16    1.939486E-16
             |   -1.211561E-16    4.820970E+01   -5.832476E-16
             |    4.865953E-17   -3.635679E-16    4.820970E+01
             -------------------------------------------------
         LOZ |    2.040779E-08    1.077260E-26    9.400119E-26
             |    4.557102E-27    2.040779E-08   -3.828068E-26
             |    9.330843E-26   -3.259401E-27    2.040779E-08
             -------------------------------------------------
         LTC |    3.816475E+00    2.799994E-17    4.400066E-17
             |    1.922067E-17    3.816475E+00   -8.155023E-18
             |    5.766182E-17   -6.838432E-18    3.816475E+00
             -------------------------------------------------
        SLTC |    4.883646E+01    8.301514E-17    1.786276E-17
             |    1.688838E-16    4.883646E+01   -2.720310E-17
             |    4.852440E-18   -6.016295E-17    4.883646E+01
             -------------------------------------------------
         BTC |    0.000000E+00    0.000000E+00    0.000000E+00
             |    0.000000E+00    0.000000E+00    0.000000E+00
             |    0.000000E+00    0.000000E+00    0.000000E+00
             -------------------------------------------------
         SPD |    0.000000E+00    0.000000E+00    0.000000E+00
             |    0.000000E+00    0.000000E+00    0.000000E+00
             |    0.000000E+00    0.000000E+00    0.000000E+00
             -------------------------------------------------

         SPK |    0.000000E+00    0.000000E+00    0.000000E+00
             |    0.000000E+00    0.000000E+00    0.000000E+00
             |    0.000000E+00    0.000000E+00    0.000000E+00
             -------------------------------------------------

         SPX |    0.000000E+00    0.000000E+00    0.000000E+00
             |    0.000000E+00    0.000000E+00    0.000000E+00
             |    0.000000E+00    0.000000E+00    0.000000E+00
             -------------------------------------------------

         SPL |    0.000000E+00    0.000000E+00    0.000000E+00
             |    0.000000E+00    0.000000E+00    0.000000E+00
             |    0.000000E+00    0.000000E+00    0.000000E+00
         SPG |    0.000000E+00    0.000000E+00    0.000000E+00
             |    0.000000E+00    0.000000E+00    0.000000E+00
             |    0.000000E+00    0.000000E+00    0.000000E+00
       -------------------------------------------------------
       ITERATION:    1                     CPU TIME:  1213.7 s
       -------------------------------------------------------
         MOB |    2.377253E+02   -1.079705E-15   -6.405945E-16
             |   -6.866652E-16    2.377253E+02    3.620306E-16
             |    1.265156E-16    4.194645E-17    2.377253E+02
       -------------------------------------------------------
       MOB_e |    2.377253E+02   -1.079705E-15   -6.405945E-16
             |   -6.866652E-16    2.377253E+02    3.620306E-16
             |    1.265156E-16    4.194645E-17    2.377253E+02
       -------------------------------------------------------
       MOB_h |    0.000000E+00    0.000000E+00    0.000000E+00
             |    0.000000E+00    0.000000E+00    0.000000E+00
             |    0.000000E+00    0.000000E+00    0.000000E+00
             -------------------------------------------------
         COD |    2.285263E+06   -1.037925E-11   -6.158062E-12
             |   -6.600942E-12    2.285263E+06    3.480216E-12
             |    1.216200E-12    4.032330E-13    2.285263E+06
             -------------------------------------------------
       COD_e |    2.285263E+06   -1.037925E-11   -6.158062E-12
             |   -6.600942E-12    2.285263E+06    3.480216E-12
             |    1.216200E-12    4.032330E-13    2.285263E+06
             -------------------------------------------------
       COD_h |    0.000000E+00    0.000000E+00    0.000000E+00
             |    0.000000E+00    0.000000E+00    0.000000E+00
             |    0.000000E+00    0.000000E+00    0.000000E+00
             -------------------------------------------------
         ETC |    1.398748E+01   -2.791791E-17   -6.479669E-18
             |   -1.964468E-17    1.398748E+01    2.061234E-17
             |   -2.170569E-17   -1.179857E-17    1.398748E+01
             -------------------------------------------------
         SEB |   -4.591740E+01   -3.775298E-17   -4.513554E-16
             |    1.842760E-17   -4.591740E+01    2.858050E-16
             |    3.559619E-17    1.132362E-16   -4.591740E+01
             -------------------------------------------------
       SEB_e |   -4.591740E+01   -3.775298E-17   -4.513554E-16
             |    1.842760E-17   -4.591740E+01    2.858050E-16
             |    3.559619E-17    1.132362E-16   -4.591740E+01
             -------------------------------------------------
       SEB_h |    0.000000E+00    0.000000E+00    0.000000E+00
             |    0.000000E+00    0.000000E+00    0.000000E+00
             |    0.000000E+00    0.000000E+00    0.000000E+00
             -------------------------------------------------
         PEL |   -1.377524E+04   -1.145653E-14   -1.007678E-13
             |   -1.141773E-14   -1.377524E+04    7.555907E-14
             |   -2.157796E-14    3.993582E-14   -1.377524E+04
             -------------------------------------------------
         POF |    4.818265E+01   -1.396060E-16    8.174075E-16
             |   -1.778481E-16    4.818265E+01   -5.264322E-16
             |   -4.906208E-17   -2.291433E-16    4.818265E+01
             -------------------------------------------------
         LOZ |    2.040241E-08    5.194248E-26    4.552668E-26
             |    3.027790E-26    2.040241E-08   -1.005166E-27
             |   -4.251835E-26   -2.080962E-26    2.040241E-08
             -------------------------------------------------
         LTC |    3.816475E+00    2.799994E-17    4.400066E-17
             |    1.922067E-17    3.816475E+00   -8.155023E-18
             |    5.766182E-17   -6.838432E-18    3.816475E+00
             -------------------------------------------------
        SLTC |    4.883646E+01    8.301514E-17    1.786276E-17
             |    1.688838E-16    4.883646E+01   -2.720310E-17
             |    4.852440E-18   -6.016295E-17    4.883646E+01
             -------------------------------------------------
         BTC |    0.000000E+00    0.000000E+00    0.000000E+00
             |    0.000000E+00    0.000000E+00    0.000000E+00
             |    0.000000E+00    0.000000E+00    0.000000E+00
             -------------------------------------------------
         SPD |   -2.076607E+01   -1.043111E-16   -4.732010E-16
             |    1.784346E-16   -2.076607E+01    1.928582E-16
             |    1.468392E-17   -5.208794E-17   -2.076607E+01
             -------------------------------------------------

         SPK |   -2.072508E+01   -4.682959E-02    1.982295E-03
             |   -4.115203E-02   -2.068867E+01   -3.144946E-03
             |   -3.016982E-03    3.526262E-02   -2.085072E+01
             -------------------------------------------------

         SPX |   -5.884326E+00    2.481867E-02   -5.600622E-04
             |    2.554095E-02   -5.872928E+00   -1.346979E-04
             |    1.873220E-04   -2.824983E-02   -5.903853E+00
             -------------------------------------------------

         SPL |    0.000000E+00    0.000000E+00    0.000000E+00
             |    0.000000E+00    0.000000E+00    0.000000E+00
             |    0.000000E+00    0.000000E+00    0.000000E+00
       -------------------------------------------------------

         SPG |    0.000000E+00    0.000000E+00    0.000000E+00
             |    0.000000E+00    0.000000E+00    0.000000E+00
             |    0.000000E+00    0.000000E+00    0.000000E+00
       -------------------------------------------------------

       MOB = Electron mobility [cm^2/V/s]
       COD = Electron conductivity [1/Ohm/m]
       ETC = Electron thermal conductivity [W/m/K]
       SEB = Seebeck coefficient [uV/K]
       PEL = Peltier coefficient [uV]
       POF = Power factor [uW/cm/K^2]
       LOZ = Lorentz number [W*Ohm/K^2]
       LTC = Lattice thermal conductivity [W/m/K]
       SLTC = Lattice thermal conductivity using ph lifetime from ShengBTE [W/m/K]
       BTC = Bipolar thermal conductivity [W/m/K]
       SPD = Phonon-drag Seebeck coefficient [uV/K]

       SPK ~ SPD but sum_k(sum_q) [uV/K]

       SPX ~ SPD but sum_k(sum_q) from near X valley [uV/K]

       SPL ~ SPD but sum_k(sum_q) from L valley [uV/K]

       SPG ~ SPD but sum_k(sum_q) from Gamma walley [uV/K]

