       
       ~B(                 .BNz.          zNNN+                        
       ~NNNNNNNNNNNNNNNNNNNNNNN+          zNh+                         
       ~Nz  .         ~     Nz    ~NNs~   zN~                          
       ~Nz  ~N-      .NNND  Nz     NN     zN~                          
       ~Nz    Nh     zN+    Nz     NN     zN~                          
       ~Nz    (Nz   =N~     Nz     NN     zN~                          
       ~Nz.+<~~Dz~~zh~+NNB( Nz     NN     zN~                          
       ~Nz  -    ~Nz        Nz     NN     zN~                          
       ~Nz       ~Nz        Nz     NN     zN~                          
       ~Nz  +NNB-~Nz  ~NNN< Nz     NN     zN~                          
       ~Nz  +N+  ~Nz  ~Nz   Nz     NN     zN~                          
       ~Nz  +N<  ~Nz  ~Nz   Nz     NN     zN~                          
       ~Nz  +N+  ~Nz  ~Nz   Nz     NN     zN~                          
       ~Nz  <N+  ~Nz  ~Nz   Nz     NN     zN~                          
       ~Nz  +N+  ~Nz  ~Nz   Nz    ~NN     zN~                          
       ~Nz  zNNNNNNNNNNNz   Nz    .s+     zN~                          
       ~Nz             +(   Nz            zN~                          
       ~Nz                  Nz            zN~                          
       +Nz           ~+zNNNNNz     <Bzz<+zNN~                          
       +Nz                hN+           sNB<                           
       
       
       MIT NANOENGINEERING GROUP                                       
       TE-HUAN LIU and JIAWEI ZHOU                                     
       ELECTRON-PHONON BOLTZMANN TRANSPORT EQUATION SOLVER (v2.2)      
       
       Program starts on  7/13/2020 at  3:27:16
       
       =======================================================
       
       k-mesh:   60 *   60 *   60  =       216000 points
       q-mesh:   60 *   60 *   60  =       216000 points

       Dimension   =     3
       Band (e)    =     5  to  6
       Mode (ph)   =     6
       Bandgap     =     6.2682  to    7.3882 [eV]
       fsthick     =     0.2000  /     0.4035 [eV]
       epthick     =     0.2000 [eV]

       Temperature =   300.0 [K]
       Doping      =    -2.0000E+19 [cm^-3]
       Fermi level =     7.3876 [eV]
       n_hole      =     0.0000E+00 [cm^-3]
       n_elec      =     2.0000E+19 [cm^-3]
       n_intr      =     1.1490E+10 [cm^-3]

       Smearing                 =    tetra
       Mixing ratio             =   0.3300
       GW band structure        =        F
       RBM bandgap              =   1.1200 [eV]
       Polar interaction        =        F
       Spin-orbital interaction =        F
       ASR to ep-matrix (eph)   =        T
       n/p-type semiconductor   =        n    

       e-imp scattering mode    =        2
           (0: none; 1: Brooks-Herring relaxation time; 2: B-H momentum relaxation time)
       e-imp-ls mode    =        0
           (0: both long and short range; 1: only long range; 
            2: only short range;          3: none )
       -------------------------------------------------------
       ITERATION:    0                     CPU TIME:  1202.8 s
       -------------------------------------------------------
         MOB |    5.776528E+02    6.045503E-16   -1.421591E-15
             |   -2.269381E-16    5.776528E+02    2.908088E-15
             |   -1.685220E-15    3.214886E-15    5.776528E+02
       -------------------------------------------------------
       MOB_e |    5.776528E+02    6.045503E-16   -1.421591E-15
             |   -2.269381E-16    5.776528E+02    2.908088E-15
             |   -1.685220E-15    3.214886E-15    5.776528E+02
       -------------------------------------------------------
       MOB_h |    0.000000E+00    0.000000E+00    0.000000E+00
             |    0.000000E+00    0.000000E+00    0.000000E+00
             |    0.000000E+00    0.000000E+00    0.000000E+00
             -------------------------------------------------
         COD |    1.851019E+05    1.937209E-13   -4.555316E-13
             |   -7.271961E-14    1.851019E+05    9.318620E-13
             |   -5.400087E-13    1.030172E-12    1.851019E+05
             -------------------------------------------------
       COD_e |    1.851019E+05    1.937209E-13   -4.555316E-13
             |   -7.271961E-14    1.851019E+05    9.318620E-13
             |   -5.400087E-13    1.030172E-12    1.851019E+05
             -------------------------------------------------
       COD_h |    0.000000E+00    0.000000E+00    0.000000E+00
             |    0.000000E+00    0.000000E+00    0.000000E+00
             |    0.000000E+00    0.000000E+00    0.000000E+00
             -------------------------------------------------
         ETC |    8.347680E-01    1.463894E-18    1.871502E-18
             |   -1.006551E-17    8.347680E-01    1.171558E-17
             |   -1.113559E-17    1.569290E-17    8.347680E-01
             -------------------------------------------------
         SEB |   -2.230065E+02    2.951166E-16   -7.571310E-16
             |   -2.936057E-16   -2.230065E+02    5.161448E-16
             |   -2.813084E-16    8.909730E-16   -2.230065E+02
             -------------------------------------------------
       SEB_e |   -2.230065E+02    2.951166E-16   -7.571310E-16
             |   -2.936057E-16   -2.230065E+02    5.161448E-16
             |   -2.813084E-16    8.909730E-16   -2.230065E+02
             -------------------------------------------------
       SEB_h |    0.000000E+00    0.000000E+00    0.000000E+00
             |    0.000000E+00    0.000000E+00    0.000000E+00
             |    0.000000E+00    0.000000E+00    0.000000E+00
             -------------------------------------------------
         PEL |   -6.690202E+04   -1.625533E-14   -4.973029E-14
             |   -1.451073E-13   -6.690202E+04    2.377402E-14
             |    6.068826E-14    1.646951E-13   -6.690202E+04
             -------------------------------------------------
         POF |    9.205467E+01   -1.473008E-16    3.985266E-16
             |    2.062297E-16    9.205467E+01    3.731449E-17
             |   -3.631437E-17   -2.232444E-16    9.205467E+01
             -------------------------------------------------
         LOZ |    1.503257E-08    1.062938E-26    7.069695E-26
             |   -1.753547E-25    1.503257E-08    1.352963E-25
             |   -1.566751E-25    1.989362E-25    1.503257E-08
             -------------------------------------------------
         LTC |    2.456449E+01    8.950617E-17   -3.970679E-17
             |    1.033385E-16    2.456449E+01   -1.491625E-16
             |   -5.011502E-17   -1.639925E-16    2.456449E+01
             -------------------------------------------------
        SLTC |    4.883646E+01    8.301514E-17    1.786276E-17
             |    1.688838E-16    4.883646E+01   -2.720310E-17
             |    4.852440E-18   -6.016295E-17    4.883646E+01
             -------------------------------------------------
         BTC |    0.000000E+00    0.000000E+00    0.000000E+00
             |    0.000000E+00    0.000000E+00    0.000000E+00
             |    0.000000E+00    0.000000E+00    0.000000E+00
             -------------------------------------------------
         SPD |    0.000000E+00    0.000000E+00    0.000000E+00
             |    0.000000E+00    0.000000E+00    0.000000E+00
             |    0.000000E+00    0.000000E+00    0.000000E+00
             -------------------------------------------------

         SPK |    0.000000E+00    0.000000E+00    0.000000E+00
             |    0.000000E+00    0.000000E+00    0.000000E+00
             |    0.000000E+00    0.000000E+00    0.000000E+00
             -------------------------------------------------

         SPX |    0.000000E+00    0.000000E+00    0.000000E+00
             |    0.000000E+00    0.000000E+00    0.000000E+00
             |    0.000000E+00    0.000000E+00    0.000000E+00
             -------------------------------------------------

         SPL |    0.000000E+00    0.000000E+00    0.000000E+00
             |    0.000000E+00    0.000000E+00    0.000000E+00
             |    0.000000E+00    0.000000E+00    0.000000E+00
         SPG |    0.000000E+00    0.000000E+00    0.000000E+00
             |    0.000000E+00    0.000000E+00    0.000000E+00
             |    0.000000E+00    0.000000E+00    0.000000E+00
       -------------------------------------------------------
       ITERATION:    1                     CPU TIME:  1211.2 s
       -------------------------------------------------------
         MOB |    5.799153E+02   -1.395039E-15   -1.492789E-15
             |   -1.800926E-15    5.799153E+02    2.660145E-15
             |   -3.801192E-15    1.582063E-15    5.799153E+02
       -------------------------------------------------------
       MOB_e |    5.799153E+02   -1.395039E-15   -1.492789E-15
             |   -1.800926E-15    5.799153E+02    2.660145E-15
             |   -3.801192E-15    1.582063E-15    5.799153E+02
       -------------------------------------------------------
       MOB_h |    0.000000E+00    0.000000E+00    0.000000E+00
             |    0.000000E+00    0.000000E+00    0.000000E+00
             |    0.000000E+00    0.000000E+00    0.000000E+00
             -------------------------------------------------
         COD |    1.858269E+05   -4.470235E-13   -4.783463E-13
             |   -5.770853E-13    1.858269E+05    8.524117E-13
             |   -1.218046E-12    5.069530E-13    1.858269E+05
             -------------------------------------------------
       COD_e |    1.858269E+05   -4.470235E-13   -4.783463E-13
             |   -5.770853E-13    1.858269E+05    8.524117E-13
             |   -1.218046E-12    5.069530E-13    1.858269E+05
             -------------------------------------------------
       COD_h |    0.000000E+00    0.000000E+00    0.000000E+00
             |    0.000000E+00    0.000000E+00    0.000000E+00
             |    0.000000E+00    0.000000E+00    0.000000E+00
             -------------------------------------------------
         ETC |    8.360324E-01   -1.239918E-17    1.220567E-17
             |   -1.176435E-17    8.360324E-01    6.199372E-18
             |   -1.359486E-17    6.516940E-18    8.360324E-01
             -------------------------------------------------
         SEB |   -2.230741E+02   -3.419040E-16    1.337387E-15
             |   -6.000429E-16   -2.230741E+02   -6.537842E-17
             |   -1.167174E-16   -1.286418E-16   -2.230741E+02
             -------------------------------------------------
       SEB_e |   -2.230741E+02   -3.419040E-16    1.337387E-15
             |   -6.000429E-16   -2.230741E+02   -6.537842E-17
             |   -1.167174E-16   -1.286418E-16   -2.230741E+02
             -------------------------------------------------
       SEB_h |    0.000000E+00    0.000000E+00    0.000000E+00
             |    0.000000E+00    0.000000E+00    0.000000E+00
             |    0.000000E+00    0.000000E+00    0.000000E+00
             -------------------------------------------------
         PEL |   -6.692231E+04    2.680418E-14    8.770306E-14
             |   -7.864025E-14   -6.692231E+04   -2.739447E-14
             |   -1.668145E-13    4.574834E-14   -6.692231E+04
             -------------------------------------------------
         POF |    9.247127E+01    6.101201E-17   -1.346813E-15
             |    2.103041E-16    9.247127E+01    4.783804E-16
             |   -5.093587E-16    3.589224E-16    9.247127E+01
             -------------------------------------------------
         LOZ |    1.499660E-08   -1.863386E-25    2.575466E-25
             |   -1.644549E-25    1.499660E-08    4.241190E-26
             |   -1.455634E-25    7.598757E-26    1.499660E-08
             -------------------------------------------------
         LTC |    2.456449E+01    8.950617E-17   -3.970679E-17
             |    1.033385E-16    2.456449E+01   -1.491625E-16
             |   -5.011502E-17   -1.639925E-16    2.456449E+01
             -------------------------------------------------
        SLTC |    4.883646E+01    8.301514E-17    1.786276E-17
             |    1.688838E-16    4.883646E+01   -2.720310E-17
             |    4.852440E-18   -6.016295E-17    4.883646E+01
             -------------------------------------------------
         BTC |    0.000000E+00    0.000000E+00    0.000000E+00
             |    0.000000E+00    0.000000E+00    0.000000E+00
             |    0.000000E+00    0.000000E+00    0.000000E+00
             -------------------------------------------------
         SPD |   -1.593971E+02    1.236534E-15    9.310164E-15
             |   -1.876918E-15   -1.593971E+02    1.388139E-15
             |   -5.409055E-15   -4.338634E-15   -1.593971E+02
             -------------------------------------------------

         SPK |   -1.590116E+02    8.249576E-02   -8.640848E-03
             |    5.455432E-02   -1.586576E+02    1.316295E-02
             |    1.018782E-02   -6.788043E-02   -1.602389E+02
             -------------------------------------------------

         SPX |   -1.367000E+02    3.353029E-01   -9.557399E-03
             |    2.997273E-01   -1.363589E+02    1.448636E-02
             |    9.417996E-03   -3.250872E-01   -1.374432E+02
             -------------------------------------------------

         SPL |    0.000000E+00    0.000000E+00    0.000000E+00
             |    0.000000E+00    0.000000E+00    0.000000E+00
             |    0.000000E+00    0.000000E+00    0.000000E+00
       -------------------------------------------------------

         SPG |    0.000000E+00    0.000000E+00    0.000000E+00
             |    0.000000E+00    0.000000E+00    0.000000E+00
             |    0.000000E+00    0.000000E+00    0.000000E+00
       -------------------------------------------------------

       MOB = Electron mobility [cm^2/V/s]
       COD = Electron conductivity [1/Ohm/m]
       ETC = Electron thermal conductivity [W/m/K]
       SEB = Seebeck coefficient [uV/K]
       PEL = Peltier coefficient [uV]
       POF = Power factor [uW/cm/K^2]
       LOZ = Lorentz number [W*Ohm/K^2]
       LTC = Lattice thermal conductivity [W/m/K]
       SLTC = Lattice thermal conductivity using ph lifetime from ShengBTE [W/m/K]
       BTC = Bipolar thermal conductivity [W/m/K]
       SPD = Phonon-drag Seebeck coefficient [uV/K]

       SPK ~ SPD but sum_k(sum_q) [uV/K]

       SPX ~ SPD but sum_k(sum_q) from near X valley [uV/K]

       SPL ~ SPD but sum_k(sum_q) from L valley [uV/K]

       SPG ~ SPD but sum_k(sum_q) from Gamma walley [uV/K]

