# Zero vibration energy:      0.0032230521  (Ry/cell)
# Phonon DOS norm      :      5.895682      ! 3N for check purpose, N number of atoms in the unit cell
# T in K, F_vib in Ry/cell, C_v in R (the universal gas constant by 3N modes), S in k_B 
#
#   T         E_internal        F_vibration          Specific heat (C_v)       Entropy
############################################################################################################
    5.00      0.0032231023      0.0032230370           0.0072804173          0.0020631870
   10.00      0.0032247358      0.0032226410           0.1345087685          0.0330752010
   15.00      0.0032339051      0.0032200420           0.4658875150          0.1459279174
   20.00      0.0032546677      0.0032126213           0.8427898076          0.3319451437
   25.00      0.0032869279      0.0031986038           1.1886589048          0.5578370436
   30.00      0.0033296425      0.0031770935           1.5056731197          0.8028902586
   35.00      0.0033821428      0.0031476512           1.8086816974          1.0578575721
   40.00      0.0034441224      0.0031100336           2.1048169045          1.3187725586
   45.00      0.0035153727      0.0030640894           2.3937412862          1.5834514791
   50.00      0.0035956116      0.0030097270           2.6718305918          1.8501631668
   55.00      0.0036844325      0.0029469080           2.9351816040          2.1172967512
   60.00      0.0037813202      0.0028756430           3.1809507223          2.3833628592
   65.00      0.0038856908      0.0027959870           3.4076406300          2.6470557739
   70.00      0.0039969320      0.0027080328           3.6149138419          2.9072936679
   75.00      0.0041144353      0.0026119040           3.8032699654          3.1632260676
   80.00      0.0042376167      0.0025077475           3.9737388703          3.4142180621
   85.00      0.0043659303      0.0023957273           4.1276402590          3.6598225617
   90.00      0.0044988740      0.0022760189           4.2664141359          3.8997487737
   95.00      0.0046359919      0.0021488051           4.3915101322          4.1338316786
  100.00      0.0047768731      0.0020142722           4.5043204279          4.3620048319
  105.00      0.0049211494      0.0018726073           4.6061428288          4.5842773105
  110.00      0.0050684919      0.0017239965           4.6981636735          4.8007147990
  115.00      0.0052186074      0.0015686228           4.7814531958          5.0114244207
  120.00      0.0053712350      0.0014066655           4.8569683142          5.2165427729
  125.00      0.0055261421      0.0012382994           4.9255595384          5.4162266129
  130.00      0.0056831217      0.0010636937           4.9879798781          5.6106456870
  135.00      0.0058419892      0.0008830125           5.0448944482          5.7999772666
  140.00      0.0060025796      0.0006964139           5.0968899940          5.9844020278
  145.00      0.0061647455      0.0005040505           5.1444839049          6.1641009814
  150.00      0.0063283550      0.0003060691           5.1881324976          6.3392532169
  155.00      0.0064932896      0.0001026109           5.2282384854          6.5100342753
  160.00      0.0066594429     -0.0001061884           5.2651576264          6.6766150048
  165.00      0.0068267190     -0.0003201985           5.2992045899          6.8391607845
  170.00      0.0069950316     -0.0005392940           5.3306581011          6.9978310291
  175.00      0.0071643024     -0.0007633548           5.3597654344          7.1527789050
  180.00      0.0073344607     -0.0009922653           5.3867463287          7.3041512038
  185.00      0.0075054423     -0.0012259144           5.4117963915          7.4520883346
  190.00      0.0076771890     -0.0014641956           5.4350900589          7.5967244011
  195.00      0.0078496475     -0.0017070064           5.4567831663          7.7381873415
  200.00      0.0080227696     -0.0019542483           5.4770151838          7.8765991099
  205.00      0.0081965108     -0.0022058263           5.4959111599          8.0120758886
  210.00      0.0083708308     -0.0024616495           5.5135834137          8.1447283171
  215.00      0.0085456923     -0.0027216300           5.5301330096          8.2746617326
  220.00      0.0087210614     -0.0029856834           5.5456510437          8.4019764134
  225.00      0.0088969066     -0.0032537282           5.5602197690          8.5267678228
  230.00      0.0090731991     -0.0035256859           5.5739135789          8.6491268493
  235.00      0.0092499123     -0.0038014810           5.5867998695          8.7691400400
  240.00      0.0094270216     -0.0040810405           5.5989397973          8.8868898278
  245.00      0.0096045043     -0.0043642939           5.6103889444          9.0024547485
  250.00      0.0097823392     -0.0046511732           5.6211979051          9.1159096495
  255.00      0.0099605069     -0.0049416129           5.6314128033          9.2273258881
  260.00      0.0101389893     -0.0052355493           5.6410757492          9.3367715207
  265.00      0.0103177694     -0.0055329211           5.6502252445          9.4443114817
  270.00      0.0104968315     -0.0058336691           5.6588965406          9.5500077524
  275.00      0.0106761612     -0.0061377357           5.6671219575          9.6539195221
  280.00      0.0108557446     -0.0064450653           5.6749311671          9.7561033379
  285.00      0.0110355691     -0.0067556041           5.6823514453          9.8566132484
  290.00      0.0112156227     -0.0070692998           5.6894078979          9.9555009369
  295.00      0.0113958944     -0.0073861020           5.6961236610         10.0528158483
  300.00      0.0115763736     -0.0077059616           5.7025200821         10.1486053078
  305.00      0.0117570505     -0.0080288309           5.7086168809         10.2429146331
  310.00      0.0119379161     -0.0083546638           5.7144322943         10.3357872392
  315.00      0.0121189615     -0.0086834155           5.7199832070         10.4272647383
  320.00      0.0123001788     -0.0090150425           5.7252852686         10.5173870323
  325.00      0.0124815602     -0.0093495023           5.7303529993         10.6061924009
  330.00      0.0126630985     -0.0096867540           5.7351998853         10.6937175841
  335.00      0.0128447870     -0.0100267574           5.7398384652         10.7799978600
  340.00      0.0130266193     -0.0103694738           5.7442804079         10.8650671178
  345.00      0.0132085892     -0.0107148654           5.7485365836         10.9489579269
  350.00      0.0133906911     -0.0110628952           5.7526171274         11.0317016018
  355.00      0.0135729196     -0.0114135275           5.7565314984         11.1133282634
  360.00      0.0137552695     -0.0117667273           5.7602885320         11.1938668965
  365.00      0.0139377360     -0.0121224606           5.7638964886         11.2733454042
  370.00      0.0141203145     -0.0124806944           5.7673630974         11.3517906597
  375.00      0.0143030006     -0.0128413962           5.7706955966         11.4292285540
  380.00      0.0144857902     -0.0132045346           5.7739007703         11.5056840424
  385.00      0.0146686794     -0.0135700788           5.7769849815         11.5811811873
  390.00      0.0148516645     -0.0139379990           5.7799542034         11.6557431991
  395.00      0.0150347418     -0.0143082657           5.7828140475         11.7293924751
  400.00      0.0152179080     -0.0146808505           5.7855697888         11.8021506356
  405.00      0.0154011599     -0.0150557255           5.7882263905         11.8740385588
  410.00      0.0155844944     -0.0154328634           5.7907885247         11.9450764136
  415.00      0.0157679086     -0.0158122376           5.7932605935         12.0152836900
  420.00      0.0159513997     -0.0161938222           5.7956467466         12.0846792294
  425.00      0.0161349650     -0.0165775917           5.7979508989         12.1532812517
  430.00      0.0163186021     -0.0169635212           5.8001767461         12.2211073820
  435.00      0.0165023085     -0.0173515865           5.8023277788         12.2881746756
  440.00      0.0166860818     -0.0177417639           5.8044072965         12.3544996419
  445.00      0.0168699200     -0.0181340299           5.8064184195         12.4200982668
  450.00      0.0170538207     -0.0185283620           5.8083641006         12.4849860344
  455.00      0.0172377821     -0.0189247377           5.8102471358         12.5491779471
  460.00      0.0174218021     -0.0193231354           5.8120701739         12.6126885453
  465.00      0.0176058790     -0.0197235337           5.8138357259         12.6755319254
  470.00      0.0177900108     -0.0201259116           5.8155461733         12.7377217581
  475.00      0.0179741960     -0.0205302487           5.8172037762         12.7992713041
  480.00      0.0181584329     -0.0209365249           5.8188106802         12.8601934311
  485.00      0.0183427199     -0.0213447205           5.8203689238         12.9205006281
  490.00      0.0185270555     -0.0217548162           5.8218804444         12.9802050202
  495.00      0.0187114383     -0.0221667933           5.8233470844         13.0393183827
  500.00      0.0188958667     -0.0225806330           5.8247705964         13.0978521535
