#   2                                                                                               
#   265    199.51353594    0.75000000                                                               
      0.0000     0.000000    
      0.7500    0.2620000E-05
      1.5000    0.1047000E-04
      2.2500    0.2356000E-04
      3.0000    0.4189000E-04
      3.7500    0.6545000E-04
      4.5000    0.9425000E-04
      5.2500    0.1282800E-03
      6.0000    0.1675500E-03
      6.7500    0.2120600E-03
      7.5000    0.2618000E-03
      8.2500    0.3233400E-03
      9.0000    0.4029100E-03
      9.7500    0.4893600E-03
     10.5000    0.5842100E-03
     11.2500    0.6807900E-03
     12.0000    0.7815900E-03
     12.7500    0.8880300E-03
     13.5000    0.1000110E-02
     14.2500    0.1117830E-02
     15.0000    0.1254670E-02
     15.7500    0.1408900E-02
     16.5000    0.1579950E-02
     17.2500    0.1764810E-02
     18.0000    0.1954380E-02
     18.7500    0.2150760E-02
     19.5000    0.2373980E-02
     20.2500    0.2596370E-02
     21.0000    0.2845910E-02
     21.7500    0.3135330E-02
     22.5000    0.3442430E-02
     23.2500    0.3771640E-02
     24.0000    0.4116960E-02
     24.7500    0.4470880E-02
     25.5000    0.4839920E-02
     26.2500    0.5301050E-02
     27.0000    0.5827790E-02
     27.7500    0.6427180E-02
     28.5000    0.7126380E-02
     29.2500    0.7811530E-02
     30.0000    0.8570280E-02
     30.7500    0.9547440E-02
     31.5000    0.1060941E-01
     32.2500    0.1176336E-01
     33.0000    0.1320659E-01
     33.7500    0.1506093E-01
     34.5000    0.1731791E-01
     35.2500    0.2102882E-01
     36.0000    0.2684327E-01
     36.7500    0.3881253E-01
     37.5000    0.4410892E-01
     38.2500    0.4453292E-01
     39.0000    0.4649592E-01
     39.7500    0.4785081E-01
     40.5000    0.5078545E-01
     41.2500    0.5263695E-01
     42.0000    0.5473160E-01
     42.7500    0.5768244E-01
     43.5000    0.6218073E-01
     44.2500    0.6631717E-01
     45.0000    0.7303462E-01
     45.7500    0.1042317    
     46.5000    0.1482910    
     47.2500    0.1169919    
     48.0000    0.1041934    
     48.7500    0.8846106E-01
     49.5000    0.8166531E-01
     50.2500    0.7585556E-01
     51.0000    0.7179342E-01
     51.7500    0.6834200E-01
     52.5000    0.6502239E-01
     53.2500    0.6196153E-01
     54.0000    0.5905520E-01
     54.7500    0.5606862E-01
     55.5000    0.5344595E-01
     56.2500    0.5081708E-01
     57.0000    0.4839789E-01
     57.7500    0.4606888E-01
     58.5000    0.4312111E-01
     59.2500    0.3926342E-01
     60.0000    0.3999963E-01
     60.7500    0.4168543E-01
     61.5000    0.4263486E-01
     62.2500    0.4430362E-01
     63.0000    0.4538232E-01
     63.7500    0.4815094E-01
     64.5000    0.5101690E-01
     65.2500    0.5357370E-01
     66.0000    0.6263658E-01
     66.7500    0.4534735E-01
     67.5000    0.2754021E-01
     68.2500    0.2880610E-02
     69.0000    0.2954490E-02
     69.7500    0.3029300E-02
     70.5000    0.3105040E-02
     71.2500    0.3181720E-02
     72.0000    0.3368170E-02
     72.7500    0.3494630E-02
     73.5000    0.3624180E-02
     74.2500    0.3745320E-02
     75.0000    0.3866930E-02
     75.7500    0.3991170E-02
     76.5000    0.4108390E-02
     77.2500    0.4215820E-02
     78.0000    0.4319830E-02
     78.7500    0.4422460E-02
     79.5000    0.4525970E-02
     80.2500    0.4630650E-02
     81.0000    0.4736500E-02
     81.7500    0.4843520E-02
     82.5000    0.4951710E-02
     83.2500    0.5130810E-02
     84.0000    0.5450370E-02
     84.7500    0.5658780E-02
     85.5000    0.5821960E-02
     86.2500    0.5998890E-02
     87.0000    0.6183760E-02
     87.7500    0.6362520E-02
     88.5000    0.6527240E-02
     89.2500    0.6679800E-02
     90.0000    0.6828010E-02
     90.7500    0.6976010E-02
     91.5000    0.7125530E-02
     92.2500    0.7276570E-02
     93.0000    0.7429130E-02
     93.7500    0.7903110E-02
     94.5000    0.8255940E-02
     95.2500    0.8557960E-02
     96.0000    0.8841540E-02
     96.7500    0.9104150E-02
     97.5000    0.9331230E-02
     98.2500    0.9556880E-02
     99.0000    0.9926650E-02
     99.7500    0.1018376E-01
    100.5000    0.1040146E-01
    101.2500    0.1061828E-01
    102.0000    0.1108420E-01
    102.7500    0.1171439E-01
    103.5000    0.1217728E-01
    104.2500    0.1260997E-01
    105.0000    0.1302882E-01
    105.7500    0.1343030E-01
    106.5000    0.1381693E-01
    107.2500    0.1419145E-01
    108.0000    0.1455414E-01
    108.7500    0.1490562E-01
    109.5000    0.1604943E-01
    110.2500    0.1704892E-01
    111.0000    0.1786517E-01
    111.7500    0.1856962E-01
    112.5000    0.1921121E-01
    113.2500    0.1985006E-01
    114.0000    0.2047044E-01
    114.7500    0.2110786E-01
    115.5000    0.2334894E-01
    116.2500    0.2521431E-01
    117.0000    0.2677259E-01
    117.7500    0.2827254E-01
    118.5000    0.2972507E-01
    119.2500    0.3499908E-01
    120.0000    0.4532766E-01
    120.7500    0.4723741E-01
    121.5000    0.3710883E-01
    122.2500    0.3246256E-01
    123.0000    0.2995174E-01
    123.7500    0.2760777E-01
    124.5000    0.2585415E-01
    125.2500    0.2448399E-01
    126.0000    0.2323447E-01
    126.7500    0.2191391E-01
    127.5000    0.2073797E-01
    128.2500    0.1962691E-01
    129.0000    0.1861675E-01
    129.7500    0.1793427E-01
    130.5000    0.1687306E-01
    131.2500    0.1555077E-01
    132.0000    0.1439761E-01
    132.7500    0.1236791E-01
    133.5000    0.1086034E-01
    134.2500    0.9569360E-02
    135.0000    0.8374810E-02
    135.7500    0.7664010E-02
    136.5000    0.7399020E-02
    137.2500    0.7436520E-02
    138.0000    0.7641580E-02
    138.7500    0.8019860E-02
    139.5000    0.8596290E-02
    140.2500    0.9419570E-02
    141.0000    0.1048401E-01
    141.7500    0.1187551E-01
    142.5000    0.1381269E-01
    143.2500    0.1710301E-01
    144.0000    0.1932461E-01
    144.7500    0.2012222E-01
    145.5000    0.2106089E-01
    146.2500    0.2193373E-01
    147.0000    0.2278279E-01
    147.7500    0.2354063E-01
    148.5000    0.2455468E-01
    149.2500    0.2561103E-01
    150.0000    0.2671038E-01
    150.7500    0.2785613E-01
    151.5000    0.2901694E-01
    152.2500    0.3020559E-01
    153.0000    0.3138445E-01
    153.7500    0.3256772E-01
    154.5000    0.3378408E-01
    155.2500    0.3488464E-01
    156.0000    0.3601212E-01
    156.7500    0.3669182E-01
    157.5000    0.3716274E-01
    158.2500    0.3741131E-01
    159.0000    0.3740115E-01
    159.7500    0.3518961E-01
    160.5000    0.3229455E-01
    161.2500    0.3041901E-01
    162.0000    0.2948752E-01
    162.7500    0.2853264E-01
    163.5000    0.2757692E-01
    164.2500    0.2665121E-01
    165.0000    0.2582514E-01
    165.7500    0.2523025E-01
    166.5000    0.2478078E-01
    167.2500    0.2420761E-01
    168.0000    0.2366382E-01
    168.7500    0.2321006E-01
    169.5000    0.2292859E-01
    170.2500    0.2294341E-01
    171.0000    0.2302147E-01
    171.7500    0.2329314E-01
    172.5000    0.2387119E-01
    173.2500    0.8484447E-01
    174.0000    0.3549719    
    174.7500    0.2050610    
    175.5000    0.1626041    
    176.2500    0.1432366    
    177.0000    0.1346265    
    177.7500    0.1342881    
    178.5000    0.1404250    
    179.2500    0.1359824    
    180.0000    0.1770017    
    180.7500    0.3026015    
    181.5000    0.2719296    
    182.2500    0.1318346    
    183.0000    0.7656424E-01
    183.7500    0.4138157E-01
    184.5000    0.2771361E-01
    185.2500    0.2497269E-01
    186.0000    0.2282815E-01
    186.7500    0.2362224E-01
    187.5000    0.2682850E-01
    188.2500    0.3033933E-01
    189.0000    0.1059523E-01
    189.7500    0.1716060E-02
    190.5000     0.000000    
    191.2500     0.000000    
    192.0000     0.000000    
    192.7500     0.000000    
    193.5000     0.000000    
    194.2500     0.000000    
    195.0000     0.000000    
    195.7500     0.000000    
    196.5000     0.000000    
    197.2500     0.000000    
    198.0000     0.000000    
