       
       ~B(                 .BNz.          zNNN+                        
       ~NNNNNNNNNNNNNNNNNNNNNNN+          zNh+                         
       ~Nz  .         ~     Nz    ~NNs~   zN~                          
       ~Nz  ~N-      .NNND  Nz     NN     zN~                          
       ~Nz    Nh     zN+    Nz     NN     zN~                          
       ~Nz    (Nz   =N~     Nz     NN     zN~                          
       ~Nz.+<~~Dz~~zh~+NNB( Nz     NN     zN~                          
       ~Nz  -    ~Nz        Nz     NN     zN~                          
       ~Nz       ~Nz        Nz     NN     zN~                          
       ~Nz  +NNB-~Nz  ~NNN< Nz     NN     zN~                          
       ~Nz  +N+  ~Nz  ~Nz   Nz     NN     zN~                          
       ~Nz  +N<  ~Nz  ~Nz   Nz     NN     zN~                          
       ~Nz  +N+  ~Nz  ~Nz   Nz     NN     zN~                          
       ~Nz  <N+  ~Nz  ~Nz   Nz     NN     zN~                          
       ~Nz  +N+  ~Nz  ~Nz   Nz    ~NN     zN~                          
       ~Nz  zNNNNNNNNNNNz   Nz    .s+     zN~                          
       ~Nz             +(   Nz            zN~                          
       ~Nz                  Nz            zN~                          
       +Nz           ~+zNNNNNz     <Bzz<+zNN~                          
       +Nz                hN+           sNB<                           
       
       
       MIT NANOENGINEERING GROUP                                       
       TE-HUAN LIU and JIAWEI ZHOU                                     
       ELECTRON-PHONON BOLTZMANN TRANSPORT EQUATION SOLVER (v2.2)      
       
       Program starts on  9/ 2/2020 at  4:54:30
       
       =======================================================
       
       k-mesh:  100 *  100 *  100  =      1000000 points
       q-mesh:  100 *  100 *  100  =      1000000 points

       Dimension   =     3
       Band (e)    =     5  to  6
       Mode (ph)   =     6
       Bandgap     =     6.2682  to    7.3882 [eV]
       fsthick     =     0.2000  /     0.2642 [eV]
       epthick     =     0.0000 [eV]

       Temperature =   300.0 [K]
       Doping      =    -1.0000E+20 [cm^-3]
       Fermi level =     7.4524 [eV]
       n_hole      =     0.0000E+00 [cm^-3]
       n_elec      =     1.0000E+20 [cm^-3]
       n_intr      =     1.1490E+10 [cm^-3]

       Smearing                 =    tetra
       Mixing ratio             =   0.3300
       GW band structure        =        F
       RBM bandgap              =   1.1200 [eV]
       Polar interaction        =        F
       Spin-orbital interaction =        F
       ASR to ep-matrix (eph)   =        T
       n/p-type semiconductor   =        n    

       e-imp scattering mode    =        0
           (0: none; 1: Brooks-Herring relaxation time; 2: B-H momentum relaxation time)
       e-imp-ls mode    =        0
           (0: both long and short range; 1: only long range; 
            2: only short range;          3: none )
       -------------------------------------------------------
       ITERATION:    0                     CPU TIME:     0.1 s
       -------------------------------------------------------
         MOB |    7.533187E+02   -3.068770E-15   -1.706789E-15
             |   -3.167099E-15    7.533187E+02    1.465784E-15
             |   -1.467308E-15    4.998202E-16    7.533187E+02
       -------------------------------------------------------
       MOB_e |    7.533187E+02   -3.068770E-15   -1.706789E-15
             |   -3.167099E-15    7.533187E+02    1.465784E-15
             |   -1.467308E-15    4.998202E-16    7.533187E+02
       -------------------------------------------------------
       MOB_h |    0.000000E+00    0.000000E+00    0.000000E+00
             |    0.000000E+00    0.000000E+00    0.000000E+00
             |    0.000000E+00    0.000000E+00    0.000000E+00
             -------------------------------------------------
         COD |    1.206955E+06   -4.916734E-12   -2.734590E-12
             |   -5.074274E-12    1.206955E+06    2.348455E-12
             |   -2.350897E-12    8.008039E-13    1.206955E+06
             -------------------------------------------------
       COD_e |    1.206955E+06   -4.916734E-12   -2.734590E-12
             |   -5.074274E-12    1.206955E+06    2.348455E-12
             |   -2.350897E-12    8.008039E-13    1.206955E+06
             -------------------------------------------------
       COD_h |    0.000000E+00    0.000000E+00    0.000000E+00
             |    0.000000E+00    0.000000E+00    0.000000E+00
             |    0.000000E+00    0.000000E+00    0.000000E+00
             -------------------------------------------------
         ETC |    5.342422E+00   -2.492974E-17    4.535860E-18
             |   -2.606735E-17    5.342422E+00    4.214595E-18
             |    2.849442E-18    1.223713E-18    5.342422E+00
             -------------------------------------------------
         SEB |   -7.944435E+01   -1.897839E-16    1.909096E-16
             |   -2.142568E-16   -7.944435E+01   -3.927186E-17
             |    7.962422E-17   -8.580654E-17   -7.944435E+01
             -------------------------------------------------
       SEB_e |   -7.944435E+01   -1.897839E-16    1.909096E-16
             |   -2.142568E-16   -7.944435E+01   -3.927186E-17
             |    7.962422E-17   -8.580654E-17   -7.944435E+01
             -------------------------------------------------
       SEB_h |    0.000000E+00    0.000000E+00    0.000000E+00
             |    0.000000E+00    0.000000E+00    0.000000E+00
             |    0.000000E+00    0.000000E+00    0.000000E+00
             -------------------------------------------------
         PEL |   -2.383333E+04   -6.905652E-14    9.953851E-15
             |   -7.315627E-14   -2.383333E+04   -2.325884E-14
             |   -1.981559E-14   -2.723599E-14   -2.383333E+04
             -------------------------------------------------
         POF |    7.617581E+01    5.363643E-17   -5.387013E-16
             |    9.062545E-17    7.617581E+01    2.235327E-16
             |   -3.010712E-16    2.150945E-16    7.617581E+01
             -------------------------------------------------
         LOZ |    1.475453E-08   -8.745089E-27    4.595623E-26
             |   -9.961036E-27    1.475453E-08   -1.706916E-26
             |    3.660825E-26   -6.409886E-27    1.475453E-08
             -------------------------------------------------
             -------------------------------------------------
         BTC |    0.000000E+00    0.000000E+00    0.000000E+00
             |    0.000000E+00    0.000000E+00    0.000000E+00
             |    0.000000E+00    0.000000E+00    0.000000E+00
       -------------------------------------------------------

       -------------------------------------------------------

       MOB = Electron mobility [cm^2/V/s]
       COD = Electron conductivity [1/Ohm/m]
       ETC = Electron thermal conductivity [W/m/K]
       SEB = Seebeck coefficient [uV/K]
       PEL = Peltier coefficient [uV]
       POF = Power factor [uW/cm/K^2]
       LOZ = Lorentz number [W*Ohm/K^2]
       BTC = Bipolar thermal conductivity [W/m/K]
