       
       ~B(                 .BNz.          zNNN+                        
       ~NNNNNNNNNNNNNNNNNNNNNNN+          zNh+                         
       ~Nz  .         ~     Nz    ~NNs~   zN~                          
       ~Nz  ~N-      .NNND  Nz     NN     zN~                          
       ~Nz    Nh     zN+    Nz     NN     zN~                          
       ~Nz    (Nz   =N~     Nz     NN     zN~                          
       ~Nz.+<~~Dz~~zh~+NNB( Nz     NN     zN~                          
       ~Nz  -    ~Nz        Nz     NN     zN~                          
       ~Nz       ~Nz        Nz     NN     zN~                          
       ~Nz  +NNB-~Nz  ~NNN< Nz     NN     zN~                          
       ~Nz  +N+  ~Nz  ~Nz   Nz     NN     zN~                          
       ~Nz  +N<  ~Nz  ~Nz   Nz     NN     zN~                          
       ~Nz  +N+  ~Nz  ~Nz   Nz     NN     zN~                          
       ~Nz  <N+  ~Nz  ~Nz   Nz     NN     zN~                          
       ~Nz  +N+  ~Nz  ~Nz   Nz    ~NN     zN~                          
       ~Nz  zNNNNNNNNNNNz   Nz    .s+     zN~                          
       ~Nz             +(   Nz            zN~                          
       ~Nz                  Nz            zN~                          
       +Nz           ~+zNNNNNz     <Bzz<+zNN~                          
       +Nz                hN+           sNB<                           
       
       
       MIT NANOENGINEERING GROUP                                       
       TE-HUAN LIU and JIAWEI ZHOU                                     
       ELECTRON-PHONON BOLTZMANN TRANSPORT EQUATION SOLVER (v2.2)      
       
       Program starts on  7/13/2020 at  7:53:50
       
       =======================================================
       
       k-mesh:   60 *   60 *   60  =       216000 points
       q-mesh:   60 *   60 *   60  =       216000 points

       Dimension   =     3
       Band (e)    =     5  to  6
       Mode (ph)   =     6
       Bandgap     =     6.2682  to    7.3882 [eV]
       fsthick     =     0.2000  /     0.4035 [eV]
       epthick     =     0.2000 [eV]

       Temperature =   300.0 [K]
       Doping      =    -4.0000E+19 [cm^-3]
       Fermi level =     7.4117 [eV]
       n_hole      =     0.0000E+00 [cm^-3]
       n_elec      =     4.0000E+19 [cm^-3]
       n_intr      =     1.1490E+10 [cm^-3]

       Smearing                 =    tetra
       Mixing ratio             =   0.3300
       GW band structure        =        F
       RBM bandgap              =   1.1200 [eV]
       Polar interaction        =        F
       Spin-orbital interaction =        F
       ASR to ep-matrix (eph)   =        T
       n/p-type semiconductor   =        n    

       e-imp scattering mode    =        2
           (0: none; 1: Brooks-Herring relaxation time; 2: B-H momentum relaxation time)
       e-imp-ls mode    =        0
           (0: both long and short range; 1: only long range; 
            2: only short range;          3: none )
       -------------------------------------------------------
       ITERATION:    0                     CPU TIME:  1205.1 s
       -------------------------------------------------------
         MOB |    5.505305E+02    2.732130E-15   -1.101155E-15
             |    2.912536E-15    5.505305E+02   -1.116798E-15
             |   -7.584803E-16   -3.078649E-16    5.505305E+02
       -------------------------------------------------------
       MOB_e |    5.505305E+02    2.732130E-15   -1.101155E-15
             |    2.912536E-15    5.505305E+02   -1.116798E-15
             |   -7.584803E-16   -3.078649E-16    5.505305E+02
       -------------------------------------------------------
       MOB_h |    0.000000E+00    0.000000E+00    0.000000E+00
             |    0.000000E+00    0.000000E+00    0.000000E+00
             |    0.000000E+00    0.000000E+00    0.000000E+00
             -------------------------------------------------
         COD |    3.528169E+05    1.750933E-12   -7.056942E-13
             |    1.866549E-12    3.528169E+05   -7.157192E-13
             |   -4.860851E-13   -1.973005E-13    3.528169E+05
             -------------------------------------------------
       COD_e |    3.528169E+05    1.750933E-12   -7.056942E-13
             |    1.866549E-12    3.528169E+05   -7.157192E-13
             |   -4.860851E-13   -1.973005E-13    3.528169E+05
             -------------------------------------------------
       COD_h |    0.000000E+00    0.000000E+00    0.000000E+00
             |    0.000000E+00    0.000000E+00    0.000000E+00
             |    0.000000E+00    0.000000E+00    0.000000E+00
             -------------------------------------------------
         ETC |    1.644064E+00    1.601374E-17    5.634263E-18
             |    1.321398E-17    1.644064E+00   -9.144946E-18
             |    5.373883E-19   -1.896947E-18    1.644064E+00
             -------------------------------------------------
         SEB |   -1.680051E+02    3.813805E-16    4.637832E-18
             |    3.130158E-16   -1.680051E+02   -3.401980E-16
             |   -6.174731E-16   -1.528755E-16   -1.680051E+02
             -------------------------------------------------
       SEB_e |   -1.680051E+02    3.813805E-16    4.637832E-18
             |    3.130158E-16   -1.680051E+02   -3.401980E-16
             |   -6.174731E-16   -1.528755E-16   -1.680051E+02
             -------------------------------------------------
       SEB_h |    0.000000E+00    0.000000E+00    0.000000E+00
             |    0.000000E+00    0.000000E+00    0.000000E+00
             |    0.000000E+00    0.000000E+00    0.000000E+00
             -------------------------------------------------
         PEL |   -5.040159E+04    2.106179E-13    3.120377E-14
             |    1.294180E-13   -5.040159E+04   -1.588655E-13
             |    1.955749E-13    2.671545E-14   -5.040159E+04
             -------------------------------------------------
         POF |    9.958508E+01    4.208632E-17   -2.046853E-16
             |    1.557661E-16    9.958508E+01    2.012882E-16
             |    5.948139E-16    1.255446E-16    9.958508E+01
             -------------------------------------------------
         LOZ |    1.553272E-08    7.420932E-26    8.429926E-26
             |    4.266786E-26    1.553272E-08   -5.488979E-26
             |    2.647696E-26   -9.235764E-27    1.553272E-08
             -------------------------------------------------
         LTC |    1.962319E+01    1.793403E-18    2.560782E-16
             |    1.026995E-18    1.962319E+01   -7.106789E-17
             |    2.907726E-16   -2.657815E-17    1.962319E+01
             -------------------------------------------------
        SLTC |    4.883646E+01    8.301514E-17    1.786276E-17
             |    1.688838E-16    4.883646E+01   -2.720310E-17
             |    4.852440E-18   -6.016295E-17    4.883646E+01
             -------------------------------------------------
         BTC |    0.000000E+00    0.000000E+00    0.000000E+00
             |    0.000000E+00    0.000000E+00    0.000000E+00
             |    0.000000E+00    0.000000E+00    0.000000E+00
             -------------------------------------------------
         SPD |    0.000000E+00    0.000000E+00    0.000000E+00
             |    0.000000E+00    0.000000E+00    0.000000E+00
             |    0.000000E+00    0.000000E+00    0.000000E+00
             -------------------------------------------------

         SPK |    0.000000E+00    0.000000E+00    0.000000E+00
             |    0.000000E+00    0.000000E+00    0.000000E+00
             |    0.000000E+00    0.000000E+00    0.000000E+00
             -------------------------------------------------

         SPX |    0.000000E+00    0.000000E+00    0.000000E+00
             |    0.000000E+00    0.000000E+00    0.000000E+00
             |    0.000000E+00    0.000000E+00    0.000000E+00
             -------------------------------------------------

         SPL |    0.000000E+00    0.000000E+00    0.000000E+00
             |    0.000000E+00    0.000000E+00    0.000000E+00
             |    0.000000E+00    0.000000E+00    0.000000E+00
         SPG |    0.000000E+00    0.000000E+00    0.000000E+00
             |    0.000000E+00    0.000000E+00    0.000000E+00
             |    0.000000E+00    0.000000E+00    0.000000E+00
       -------------------------------------------------------
       ITERATION:    1                     CPU TIME:  1211.1 s
       -------------------------------------------------------
         MOB |    5.531611E+02    3.895757E-15   -2.442052E-15
             |    2.169920E-15    5.531611E+02   -2.430372E-15
             |    8.726114E-16   -7.832262E-16    5.531611E+02
       -------------------------------------------------------
       MOB_e |    5.531611E+02    3.895757E-15   -2.442052E-15
             |    2.169920E-15    5.531611E+02   -2.430372E-15
             |    8.726114E-16   -7.832262E-16    5.531611E+02
       -------------------------------------------------------
       MOB_h |    0.000000E+00    0.000000E+00    0.000000E+00
             |    0.000000E+00    0.000000E+00    0.000000E+00
             |    0.000000E+00    0.000000E+00    0.000000E+00
             -------------------------------------------------
         COD |    3.545028E+05    2.496663E-12   -1.565031E-12
             |    1.390631E-12    3.545028E+05   -1.557546E-12
             |    5.592280E-13   -5.019440E-13    3.545028E+05
             -------------------------------------------------
       COD_e |    3.545028E+05    2.496663E-12   -1.565031E-12
             |    1.390631E-12    3.545028E+05   -1.557546E-12
             |    5.592280E-13   -5.019440E-13    3.545028E+05
             -------------------------------------------------
       COD_h |    0.000000E+00    0.000000E+00    0.000000E+00
             |    0.000000E+00    0.000000E+00    0.000000E+00
             |    0.000000E+00    0.000000E+00    0.000000E+00
             -------------------------------------------------
         ETC |    1.649827E+00    8.778627E-18    1.054208E-18
             |    4.413829E-18    1.649827E+00   -1.207899E-17
             |    5.360134E-18   -9.796960E-18    1.649827E+00
             -------------------------------------------------
         SEB |   -1.678848E+02    9.499477E-16   -5.996097E-16
             |    2.609265E-16   -1.678848E+02   -5.851503E-16
             |    1.465269E-16   -5.989037E-16   -1.678848E+02
             -------------------------------------------------
       SEB_e |   -1.678848E+02    9.499477E-16   -5.996097E-16
             |    2.609265E-16   -1.678848E+02   -5.851503E-16
             |    1.465269E-16   -5.989037E-16   -1.678848E+02
             -------------------------------------------------
       SEB_h |    0.000000E+00    0.000000E+00    0.000000E+00
             |    0.000000E+00    0.000000E+00    0.000000E+00
             |    0.000000E+00    0.000000E+00    0.000000E+00
             -------------------------------------------------
         PEL |   -5.036551E+04    2.136969E-13   -3.352624E-13
             |   -2.561838E-14   -5.036551E+04   -6.208438E-14
             |    5.309327E-14    7.073990E-14   -5.036551E+04
             -------------------------------------------------
         POF |    9.991772E+01   -4.270428E-16    2.726142E-16
             |    8.136949E-17    9.991772E+01    2.575127E-16
             |   -1.679272E-17    5.714083E-16    9.991772E+01
             -------------------------------------------------
         LOZ |    1.551304E-08   -2.671003E-26    7.839830E-26
             |   -1.935152E-26    1.551304E-08   -4.541845E-26
             |    2.592860E-26   -7.015406E-26    1.551304E-08
             -------------------------------------------------
         LTC |    1.962319E+01    1.793403E-18    2.560782E-16
             |    1.026995E-18    1.962319E+01   -7.106789E-17
             |    2.907726E-16   -2.657815E-17    1.962319E+01
             -------------------------------------------------
        SLTC |    4.883646E+01    8.301514E-17    1.786276E-17
             |    1.688838E-16    4.883646E+01   -2.720310E-17
             |    4.852440E-18   -6.016295E-17    4.883646E+01
             -------------------------------------------------
         BTC |    0.000000E+00    0.000000E+00    0.000000E+00
             |    0.000000E+00    0.000000E+00    0.000000E+00
             |    0.000000E+00    0.000000E+00    0.000000E+00
             -------------------------------------------------
         SPD |   -1.094685E+02   -2.301812E-15   -7.771075E-16
             |    1.374325E-15   -1.094685E+02    3.097629E-15
             |    4.696625E-15   -1.373464E-15   -1.094685E+02
             -------------------------------------------------

         SPK |   -1.092101E+02    1.423663E-02   -4.801250E-02
             |    2.971648E-02   -1.089840E+02   -7.589294E-03
             |   -1.372625E-02   -4.976234E-03   -1.099915E+02
             -------------------------------------------------

         SPX |   -9.011304E+01    2.032298E-01   -5.045796E-02
             |    2.191601E-01   -8.989637E+01   -7.590623E-03
             |   -1.211988E-02   -2.038002E-01   -9.053527E+01
             -------------------------------------------------

         SPL |    0.000000E+00    0.000000E+00    0.000000E+00
             |    0.000000E+00    0.000000E+00    0.000000E+00
             |    0.000000E+00    0.000000E+00    0.000000E+00
       -------------------------------------------------------

         SPG |    0.000000E+00    0.000000E+00    0.000000E+00
             |    0.000000E+00    0.000000E+00    0.000000E+00
             |    0.000000E+00    0.000000E+00    0.000000E+00
       -------------------------------------------------------

       MOB = Electron mobility [cm^2/V/s]
       COD = Electron conductivity [1/Ohm/m]
       ETC = Electron thermal conductivity [W/m/K]
       SEB = Seebeck coefficient [uV/K]
       PEL = Peltier coefficient [uV]
       POF = Power factor [uW/cm/K^2]
       LOZ = Lorentz number [W*Ohm/K^2]
       LTC = Lattice thermal conductivity [W/m/K]
       SLTC = Lattice thermal conductivity using ph lifetime from ShengBTE [W/m/K]
       BTC = Bipolar thermal conductivity [W/m/K]
       SPD = Phonon-drag Seebeck coefficient [uV/K]

       SPK ~ SPD but sum_k(sum_q) [uV/K]

       SPX ~ SPD but sum_k(sum_q) from near X valley [uV/K]

       SPL ~ SPD but sum_k(sum_q) from L valley [uV/K]

       SPG ~ SPD but sum_k(sum_q) from Gamma walley [uV/K]

