#   2                                                                                               
#   574    431.85122539    0.75000000                                                               
      0.0000     0.000000    
      0.7500    0.7600000E-06
      1.5000    0.3020000E-05
      2.2500    0.6800000E-05
      3.0000    0.1209000E-04
      3.7500    0.1889000E-04
      4.5000    0.2721000E-04
      5.2500    0.3703000E-04
      6.0000    0.4837000E-04
      6.7500    0.6122000E-04
      7.5000    0.7558000E-04
      8.2500    0.9145000E-04
      9.0000    0.1088300E-03
      9.7500    0.1277300E-03
     10.5000    0.1481300E-03
     11.2500    0.1705000E-03
     12.0000    0.1984200E-03
     12.7500    0.2301600E-03
     13.5000    0.2633500E-03
     14.2500    0.2980400E-03
     15.0000    0.3355000E-03
     15.7500    0.3738300E-03
     16.5000    0.4137300E-03
     17.2500    0.4551600E-03
     18.0000    0.4977300E-03
     18.7500    0.5415500E-03
     19.5000    0.5869000E-03
     20.2500    0.6337700E-03
     21.0000    0.6821700E-03
     21.7500    0.7353600E-03
     22.5000    0.7911200E-03
     23.2500    0.8472600E-03
     24.0000    0.9074100E-03
     24.7500    0.9700700E-03
     25.5000    0.1034680E-02
     26.2500    0.1101930E-02
     27.0000    0.1171850E-02
     27.7500    0.1244100E-02
     28.5000    0.1318740E-02
     29.2500    0.1398630E-02
     30.0000    0.1479670E-02
     30.7500    0.1560760E-02
     31.5000    0.1647980E-02
     32.2500    0.1742410E-02
     33.0000    0.1836350E-02
     33.7500    0.1932860E-02
     34.5000    0.2033070E-02
     35.2500    0.2137210E-02
     36.0000    0.2244980E-02
     36.7500    0.2355620E-02
     37.5000    0.2467640E-02
     38.2500    0.2582190E-02
     39.0000    0.2699460E-02
     39.7500    0.2819580E-02
     40.5000    0.2946100E-02
     41.2500    0.3095680E-02
     42.0000    0.3248150E-02
     42.7500    0.3414930E-02
     43.5000    0.3586580E-02
     44.2500    0.3757000E-02
     45.0000    0.3934130E-02
     45.7500    0.4113490E-02
     46.5000    0.4295330E-02
     47.2500    0.4479340E-02
     48.0000    0.4666550E-02
     48.7500    0.4876890E-02
     49.5000    0.5124320E-02
     50.2500    0.5372540E-02
     51.0000    0.5636580E-02
     51.7500    0.5913210E-02
     52.5000    0.6201730E-02
     53.2500    0.6494360E-02
     54.0000    0.6807240E-02
     54.7500    0.7159200E-02
     55.5000    0.7623970E-02
     56.2500    0.8096590E-02
     57.0000    0.8601430E-02
     57.7500    0.9147940E-02
     58.5000    0.9702010E-02
     59.2500    0.1029660E-01
     60.0000    0.1136108E-01
     60.7500    0.1690644E-01
     61.5000    0.2341459E-01
     62.2500    0.2753564E-01
     63.0000    0.2801730E-01
     63.7500    0.2810171E-01
     64.5000    0.2791516E-01
     65.2500    0.2878600E-01
     66.0000    0.2912607E-01
     66.7500    0.2907082E-01
     67.5000    0.2956760E-01
     68.2500    0.2992281E-01
     69.0000    0.3017132E-01
     69.7500    0.3034044E-01
     70.5000    0.3070865E-01
     71.2500    0.3130518E-01
     72.0000    0.3204830E-01
     72.7500    0.3291309E-01
     73.5000    0.3367089E-01
     74.2500    0.3442872E-01
     75.0000    0.3525258E-01
     75.7500    0.3619068E-01
     76.5000    0.3744005E-01
     77.2500    0.4009139E-01
     78.0000    0.4857917E-01
     78.7500    0.5870696E-01
     79.5000    0.6735822E-01
     80.2500    0.6257782E-01
     81.0000    0.5757116E-01
     81.7500    0.5594873E-01
     82.5000    0.5410814E-01
     83.2500    0.4930981E-01
     84.0000    0.4613912E-01
     84.7500    0.4320218E-01
     85.5000    0.4167743E-01
     86.2500    0.4018959E-01
     87.0000    0.3894647E-01
     87.7500    0.3796367E-01
     88.5000    0.3712160E-01
     89.2500    0.3630843E-01
     90.0000    0.3566843E-01
     90.7500    0.3511842E-01
     91.5000    0.3465283E-01
     92.2500    0.3444567E-01
     93.0000    0.3436696E-01
     93.7500    0.3418689E-01
     94.5000    0.3385589E-01
     95.2500    0.3356016E-01
     96.0000    0.3331065E-01
     96.7500    0.3311136E-01
     97.5000    0.3284860E-01
     98.2500    0.3277218E-01
     99.0000    0.3325324E-01
     99.7500    0.3368210E-01
    100.5000    0.3308114E-01
    101.2500    0.3164179E-01
    102.0000    0.3014498E-01
    102.7500    0.3105326E-01
    103.5000    0.3263809E-01
    104.2500    0.3532850E-01
    105.0000    0.3625554E-01
    105.7500    0.3690294E-01
    106.5000    0.3798758E-01
    107.2500    0.4125541E-01
    108.0000    0.4354038E-01
    108.7500    0.4540774E-01
    109.5000    0.6095852E-01
    110.2500    0.2250862E-01
    111.0000    0.1420449E-01
    111.7500    0.1035910E-01
    112.5000    0.7914120E-02
    113.2500    0.6136800E-02
    114.0000    0.4387510E-02
    114.7500    0.2619520E-02
    115.5000    0.1498550E-02
    116.2500    0.1528710E-02
    117.0000    0.1557420E-02
    117.7500    0.1585180E-02
    118.5000    0.1612230E-02
    119.2500    0.1638770E-02
    120.0000    0.1665480E-02
    120.7500    0.1692400E-02
    121.5000    0.1719550E-02
    122.2500    0.1746920E-02
    123.0000    0.1774510E-02
    123.7500    0.1802320E-02
    124.5000    0.1830360E-02
    125.2500    0.1858610E-02
    126.0000    0.1901010E-02
    126.7500    0.1972040E-02
    127.5000    0.2031840E-02
    128.2500    0.2088450E-02
    129.0000    0.2140810E-02
    129.7500    0.2193990E-02
    130.5000    0.2246390E-02
    131.2500    0.2302520E-02
    132.0000    0.2363500E-02
    132.7500    0.2425560E-02
    133.5000    0.2488430E-02
    134.2500    0.2553110E-02
    135.0000    0.2616690E-02
    135.7500    0.2680630E-02
    136.5000    0.2744510E-02
    137.2500    0.2799670E-02
    138.0000    0.2850470E-02
    138.7500    0.2898730E-02
    139.5000    0.2945230E-02
    140.2500    0.2991220E-02
    141.0000    0.3037590E-02
    141.7500    0.3084340E-02
    142.5000    0.3131480E-02
    143.2500    0.3179000E-02
    144.0000    0.3226910E-02
    144.7500    0.3397560E-02
    145.5000    0.3534590E-02
    146.2500    0.3645290E-02
    147.0000    0.3744280E-02
    147.7500    0.3836590E-02
    148.5000    0.3929440E-02
    149.2500    0.4023590E-02
    150.0000    0.4115820E-02
    150.7500    0.4205410E-02
    151.5000    0.4325000E-02
    152.2500    0.4450380E-02
    153.0000    0.4574620E-02
    153.7500    0.4697230E-02
    154.5000    0.4817940E-02
    155.2500    0.4911420E-02
    156.0000    0.4995530E-02
    156.7500    0.5075410E-02
    157.5000    0.5155550E-02
    158.2500    0.5236410E-02
    159.0000    0.5317990E-02
    159.7500    0.5577580E-02
    160.5000    0.5946610E-02
    161.2500    0.6209320E-02
    162.0000    0.6378660E-02
    162.7500    0.6543870E-02
    163.5000    0.6711330E-02
    164.2500    0.6879690E-02
    165.0000    0.7034720E-02
    165.7500    0.7187800E-02
    166.5000    0.7341770E-02
    167.2500    0.7497060E-02
    168.0000    0.7705700E-02
    168.7500    0.8120450E-02
    169.5000    0.8308000E-02
    170.2500    0.8451090E-02
    171.0000    0.8726880E-02
    171.7500    0.9242070E-02
    172.5000    0.9874460E-02
    173.2500    0.1035918E-01
    174.0000    0.1076512E-01
    174.7500    0.1115613E-01
    175.5000    0.1147164E-01
    176.2500    0.1177319E-01
    177.0000    0.1206408E-01
    177.7500    0.1235853E-01
    178.5000    0.1265759E-01
    179.2500    0.1296184E-01
    180.0000    0.1377821E-01
    180.7500    0.1531757E-01
    181.5000    0.1665217E-01
    182.2500    0.1770327E-01
    183.0000    0.1863263E-01
    183.7500    0.1950158E-01
    184.5000    0.2031856E-01
    185.2500    0.2110912E-01
    186.0000    0.2191631E-01
    186.7500    0.2592055E-01
    187.5000    0.2915642E-01
    188.2500    0.3202413E-01
    189.0000    0.3477240E-01
    189.7500    0.4119508E-01
    190.5000    0.6169995E-01
    191.2500    0.6227382E-01
    192.0000    0.4823310E-01
    192.7500    0.4438716E-01
    193.5000    0.4189447E-01
    194.2500    0.3857789E-01
    195.0000    0.3051078E-01
    195.7500    0.2625398E-01
    196.5000    0.2301217E-01
    197.2500    0.2041319E-01
    198.0000    0.1790047E-01
    198.7500    0.1614679E-01
    199.5000    0.1322702E-01
    200.2500    0.1093865E-01
    201.0000    0.9710170E-02
    201.7500    0.8914060E-02
    202.5000    0.8219870E-02
    203.2500    0.7572820E-02
    204.0000    0.6972490E-02
    204.7500    0.6294330E-02
    205.5000    0.5639170E-02
    206.2500    0.5037470E-02
    207.0000    0.4487890E-02
    207.7500    0.3950320E-02
    208.5000    0.3446190E-02
    209.2500    0.2967090E-02
    210.0000    0.1884650E-02
    210.7500    0.7541500E-03
    211.5000     0.000000    
    212.2500     0.000000    
    213.0000     0.000000    
    213.7500     0.000000    
    214.5000     0.000000    
    215.2500     0.000000    
    216.0000     0.000000    
    216.7500     0.000000    
    217.5000     0.000000    
    218.2500     0.000000    
    219.0000     0.000000    
    219.7500     0.000000    
    220.5000     0.000000    
    221.2500     0.000000    
    222.0000     0.000000    
    222.7500     0.000000    
    223.5000     0.000000    
    224.2500     0.000000    
    225.0000     0.000000    
    225.7500     0.000000    
    226.5000     0.000000    
    227.2500     0.000000    
    228.0000     0.000000    
    228.7500     0.000000    
    229.5000     0.000000    
    230.2500     0.000000    
    231.0000     0.000000    
    231.7500     0.000000    
    232.5000     0.000000    
    233.2500     0.000000    
    234.0000     0.000000    
    234.7500     0.000000    
    235.5000     0.000000    
    236.2500     0.000000    
    237.0000     0.000000    
    237.7500     0.000000    
    238.5000     0.000000    
    239.2500     0.000000    
    240.0000     0.000000    
    240.7500     0.000000    
    241.5000     0.000000    
    242.2500     0.000000    
    243.0000     0.000000    
    243.7500     0.000000    
    244.5000     0.000000    
    245.2500     0.000000    
    246.0000     0.000000    
    246.7500     0.000000    
    247.5000     0.000000    
    248.2500     0.000000    
    249.0000     0.000000    
    249.7500     0.000000    
    250.5000     0.000000    
    251.2500     0.000000    
    252.0000     0.000000    
    252.7500     0.000000    
    253.5000     0.000000    
    254.2500     0.000000    
    255.0000     0.000000    
    255.7500     0.000000    
    256.5000     0.000000    
    257.2500     0.000000    
    258.0000     0.000000    
    258.7500     0.000000    
    259.5000     0.000000    
    260.2500     0.000000    
    261.0000     0.000000    
    261.7500     0.000000    
    262.5000     0.000000    
    263.2500     0.000000    
    264.0000     0.000000    
    264.7500     0.000000    
    265.5000     0.000000    
    266.2500     0.000000    
    267.0000     0.000000    
    267.7500     0.000000    
    268.5000     0.000000    
    269.2500     0.000000    
    270.0000     0.000000    
    270.7500     0.000000    
    271.5000     0.000000    
    272.2500     0.000000    
    273.0000     0.000000    
    273.7500     0.000000    
    274.5000     0.000000    
    275.2500     0.000000    
    276.0000     0.000000    
    276.7500     0.000000    
    277.5000     0.000000    
    278.2500     0.000000    
    279.0000     0.000000    
    279.7500     0.000000    
    280.5000     0.000000    
    281.2500     0.000000    
    282.0000     0.000000    
    282.7500     0.000000    
    283.5000     0.000000    
    284.2500     0.000000    
    285.0000     0.000000    
    285.7500     0.000000    
    286.5000     0.000000    
    287.2500     0.000000    
    288.0000     0.000000    
    288.7500     0.000000    
    289.5000     0.000000    
    290.2500     0.000000    
    291.0000     0.000000    
    291.7500     0.000000    
    292.5000     0.000000    
    293.2500     0.000000    
    294.0000     0.000000    
    294.7500     0.000000    
    295.5000     0.000000    
    296.2500     0.000000    
    297.0000     0.000000    
    297.7500     0.000000    
    298.5000     0.000000    
    299.2500     0.000000    
    300.0000     0.000000    
    300.7500     0.000000    
    301.5000     0.000000    
    302.2500     0.000000    
    303.0000     0.000000    
    303.7500     0.000000    
    304.5000     0.000000    
    305.2500     0.000000    
    306.0000     0.000000    
    306.7500     0.000000    
    307.5000     0.000000    
    308.2500     0.000000    
    309.0000     0.000000    
    309.7500     0.000000    
    310.5000     0.000000    
    311.2500     0.000000    
    312.0000     0.000000    
    312.7500     0.000000    
    313.5000     0.000000    
    314.2500     0.000000    
    315.0000     0.000000    
    315.7500     0.000000    
    316.5000     0.000000    
    317.2500     0.000000    
    318.0000     0.000000    
    318.7500     0.000000    
    319.5000     0.000000    
    320.2500     0.000000    
    321.0000     0.000000    
    321.7500     0.000000    
    322.5000     0.000000    
    323.2500     0.000000    
    324.0000     0.000000    
    324.7500     0.000000    
    325.5000     0.000000    
    326.2500     0.000000    
    327.0000     0.000000    
    327.7500     0.000000    
    328.5000     0.000000    
    329.2500     0.000000    
    330.0000     0.000000    
    330.7500     0.000000    
    331.5000     0.000000    
    332.2500     0.000000    
    333.0000     0.000000    
    333.7500     0.000000    
    334.5000     0.000000    
    335.2500     0.000000    
    336.0000     0.000000    
    336.7500     0.000000    
    337.5000     0.000000    
    338.2500     0.000000    
    339.0000     0.000000    
    339.7500    0.3310340E-02
    340.5000    0.9214380E-02
    341.2500    0.1341199E-01
    342.0000    0.1827691E-01
    342.7500    0.2304524E-01
    343.5000    0.2954379E-01
    344.2500    0.3981564E-01
    345.0000    0.5910571E-01
    345.7500    0.6857763E-01
    346.5000    0.7530429E-01
    347.2500    0.6597296E-01
    348.0000    0.7205769E-01
    348.7500    0.9982120E-01
    349.5000    0.8950054E-01
    350.2500    0.8498882E-01
    351.0000    0.8461603E-01
    351.7500    0.8543293E-01
    352.5000    0.8432302E-01
    353.2500    0.7927808E-01
    354.0000    0.7612717E-01
    354.7500    0.7383021E-01
    355.5000    0.7258557E-01
    356.2500    0.7175803E-01
    357.0000    0.7138346E-01
    357.7500    0.7497241E-01
    358.5000    0.7713306E-01
    359.2500    0.7922310E-01
    360.0000    0.8135391E-01
    360.7500    0.8321183E-01
    361.5000    0.8604519E-01
    362.2500    0.8907114E-01
    363.0000    0.9340586E-01
    363.7500    0.9806862E-01
    364.5000    0.1058552    
    365.2500    0.1150476    
    366.0000    0.9581571E-01
    366.7500    0.8214551E-01
    367.5000    0.7697375E-01
    368.2500    0.7751597E-01
    369.0000    0.8996380E-01
    369.7500    0.8680231E-01
    370.5000    0.8424570E-01
    371.2500    0.6990577E-01
    372.0000    0.5981052E-01
    372.7500    0.5251632E-01
    373.5000    0.4558373E-01
    374.2500    0.4082209E-01
    375.0000    0.3642514E-01
    375.7500    0.3169973E-01
    376.5000    0.2594293E-01
    377.2500    0.2463587E-01
    378.0000    0.2359407E-01
    378.7500    0.2271626E-01
    379.5000    0.2191772E-01
    380.2500    0.2117151E-01
    381.0000    0.2043301E-01
    381.7500    0.1986282E-01
    382.5000    0.1936632E-01
    383.2500    0.1892866E-01
    384.0000    0.1853582E-01
    384.7500    0.1817692E-01
    385.5000    0.1785345E-01
    386.2500    0.1754400E-01
    387.0000    0.1721368E-01
    387.7500    0.1694220E-01
    388.5000    0.1670459E-01
    389.2500    0.1646698E-01
    390.0000    0.1627248E-01
    390.7500    0.1609715E-01
    391.5000    0.1592615E-01
    392.2500    0.1575119E-01
    393.0000    0.1558040E-01
    393.7500    0.1553395E-01
    394.5000    0.1531669E-01
    395.2500    0.1530887E-01
    396.0000    0.1304109E-01
    396.7500    0.1137697E-01
    397.5000    0.1040723E-01
    398.2500    0.9640930E-02
    399.0000    0.9186080E-02
    399.7500    0.8725450E-02
    400.5000    0.8269640E-02
    401.2500    0.7771400E-02
    402.0000    0.7332890E-02
    402.7500    0.6949440E-02
    403.5000    0.6717610E-02
    404.2500    0.6671530E-02
    405.0000    0.6135810E-02
    405.7500    0.5647580E-02
    406.5000    0.5272330E-02
    407.2500    0.5500180E-02
    408.0000    0.4850720E-02
    408.7500    0.4074620E-02
    409.5000    0.3785180E-02
    410.2500    0.3051760E-02
    411.0000    0.1810540E-02
    411.7500     0.000000    
    412.5000     0.000000    
    413.2500     0.000000    
    414.0000     0.000000    
    414.7500     0.000000    
    415.5000     0.000000    
    416.2500     0.000000    
    417.0000     0.000000    
    417.7500     0.000000    
    418.5000     0.000000    
    419.2500     0.000000    
    420.0000     0.000000    
    420.7500     0.000000    
    421.5000     0.000000    
    422.2500     0.000000    
    423.0000     0.000000    
    423.7500     0.000000    
    424.5000     0.000000    
    425.2500     0.000000    
    426.0000     0.000000    
    426.7500     0.000000    
    427.5000     0.000000    
    428.2500     0.000000    
    429.0000     0.000000    
    429.7500     0.000000    
