       
       ~B(                 .BNz.          zNNN+                        
       ~NNNNNNNNNNNNNNNNNNNNNNN+          zNh+                         
       ~Nz  .         ~     Nz    ~NNs~   zN~                          
       ~Nz  ~N-      .NNND  Nz     NN     zN~                          
       ~Nz    Nh     zN+    Nz     NN     zN~                          
       ~Nz    (Nz   =N~     Nz     NN     zN~                          
       ~Nz.+<~~Dz~~zh~+NNB( Nz     NN     zN~                          
       ~Nz  -    ~Nz        Nz     NN     zN~                          
       ~Nz       ~Nz        Nz     NN     zN~                          
       ~Nz  +NNB-~Nz  ~NNN< Nz     NN     zN~                          
       ~Nz  +N+  ~Nz  ~Nz   Nz     NN     zN~                          
       ~Nz  +N<  ~Nz  ~Nz   Nz     NN     zN~                          
       ~Nz  +N+  ~Nz  ~Nz   Nz     NN     zN~                          
       ~Nz  <N+  ~Nz  ~Nz   Nz     NN     zN~                          
       ~Nz  +N+  ~Nz  ~Nz   Nz    ~NN     zN~                          
       ~Nz  zNNNNNNNNNNNz   Nz    .s+     zN~                          
       ~Nz             +(   Nz            zN~                          
       ~Nz                  Nz            zN~                          
       +Nz           ~+zNNNNNz     <Bzz<+zNN~                          
       +Nz                hN+           sNB<                           
       
       
       MIT NANOENGINEERING GROUP                                       
       TE-HUAN LIU and JIAWEI ZHOU                                     
       ELECTRON-PHONON BOLTZMANN TRANSPORT EQUATION SOLVER (v2.2)      
       
       Program starts on  9/ 2/2020 at  4:54:16
       
       =======================================================
       
       k-mesh:  100 *  100 *  100  =      1000000 points
       q-mesh:  100 *  100 *  100  =      1000000 points

       Dimension   =     3
       Band (e)    =     5  to  6
       Mode (ph)   =     6
       Bandgap     =     6.2682  to    7.3882 [eV]
       fsthick     =     0.2000  /     0.2642 [eV]
       epthick     =     0.0000 [eV]

       Temperature =   300.0 [K]
       Doping      =    -1.0000E+16 [cm^-3]
       Fermi level =     7.1846 [eV]
       n_hole      =     1.3202E+04 [cm^-3]
       n_elec      =     1.0000E+16 [cm^-3]
       n_intr      =     1.1490E+10 [cm^-3]

       Smearing                 =    tetra
       Mixing ratio             =   0.3300
       GW band structure        =        F
       RBM bandgap              =   1.1200 [eV]
       Polar interaction        =        F
       Spin-orbital interaction =        F
       ASR to ep-matrix (eph)   =        T
       n/p-type semiconductor   =        n    

       e-imp scattering mode    =        0
           (0: none; 1: Brooks-Herring relaxation time; 2: B-H momentum relaxation time)
       e-imp-ls mode    =        0
           (0: both long and short range; 1: only long range; 
            2: only short range;          3: none )
       -------------------------------------------------------
       ITERATION:    0                     CPU TIME:     0.2 s
       -------------------------------------------------------
         MOB |    1.522123E+03   -1.185028E-14    6.257590E-15
             |   -1.263257E-14    1.522123E+03   -1.737744E-15
             |    8.715363E-15   -4.302753E-16    1.522123E+03
       -------------------------------------------------------
       MOB_e |    1.522123E+03   -1.185028E-14    6.257590E-15
             |   -1.263257E-14    1.522123E+03   -1.737744E-15
             |    8.715363E-15   -4.302753E-16    1.522123E+03
       -------------------------------------------------------
       MOB_h |    0.000000E+00    0.000000E+00    0.000000E+00
             |    0.000000E+00    0.000000E+00    0.000000E+00
             |    0.000000E+00    0.000000E+00    0.000000E+00
             -------------------------------------------------
         COD |    2.438731E+02   -1.898641E-15    1.002585E-15
             |   -2.023978E-15    2.438731E+02   -2.784197E-16
             |    1.396368E-15   -6.893832E-17    2.438731E+02
             -------------------------------------------------
       COD_e |    2.438731E+02   -1.898641E-15    1.002585E-15
             |   -2.023978E-15    2.438731E+02   -2.784197E-16
             |    1.396368E-15   -6.893832E-17    2.438731E+02
             -------------------------------------------------
       COD_h |    0.000000E+00    0.000000E+00    0.000000E+00
             |    0.000000E+00    0.000000E+00    0.000000E+00
             |    0.000000E+00    0.000000E+00    0.000000E+00
             -------------------------------------------------
         ETC |    7.443531E-04   -5.447883E-20    1.683481E-19
             |   -1.007123E-19    7.443531E-04   -1.417219E-20
             |    1.217438E-19   -5.919650E-20    7.443531E-04
             -------------------------------------------------
         SEB |   -8.235280E+02   -9.463029E-16    4.873483E-15
             |   -1.546659E-15   -8.235280E+02   -9.380438E-16
             |    3.194964E-15   -4.402412E-16   -8.235280E+02
             -------------------------------------------------
       SEB_e |   -8.235280E+02   -9.463029E-16    4.873483E-15
             |   -1.546659E-15   -8.235280E+02   -9.380438E-16
             |    3.194964E-15   -4.402412E-16   -8.235280E+02
             -------------------------------------------------
       SEB_h |    0.000000E+00    0.000000E+00    0.000000E+00
             |    0.000000E+00    0.000000E+00    0.000000E+00
             |    0.000000E+00    0.000000E+00    0.000000E+00
             -------------------------------------------------
         PEL |   -2.470587E+05   -1.562859E-13    3.767630E-13
             |   -2.832256E-13   -2.470587E+05    1.550384E-13
             |    7.967785E-13    1.506363E-13   -2.470587E+05
             -------------------------------------------------
         POF |    1.653943E+00   -9.075513E-18   -1.277593E-17
             |   -7.514081E-18    1.653943E+00    1.879627E-18
             |   -3.363154E-18    1.300790E-18    1.653943E+00
             -------------------------------------------------
         LOZ |    1.017404E-08   -6.654240E-25    2.259205E-24
             |   -1.292128E-24    1.017404E-08   -1.820944E-25
             |    1.605776E-24   -8.062392E-25    1.017404E-08
             -------------------------------------------------
             -------------------------------------------------
         BTC |    0.000000E+00    0.000000E+00    0.000000E+00
             |    0.000000E+00    0.000000E+00    0.000000E+00
             |    0.000000E+00    0.000000E+00    0.000000E+00
       -------------------------------------------------------

       -------------------------------------------------------

       MOB = Electron mobility [cm^2/V/s]
       COD = Electron conductivity [1/Ohm/m]
       ETC = Electron thermal conductivity [W/m/K]
       SEB = Seebeck coefficient [uV/K]
       PEL = Peltier coefficient [uV]
       POF = Power factor [uW/cm/K^2]
       LOZ = Lorentz number [W*Ohm/K^2]
       BTC = Bipolar thermal conductivity [W/m/K]
